[SanCov] ✔ [broswer_indexeddb] Initialized in pid 248891, 57785 edges
[248891:248891:1026/152532.966761:ERROR:components/leveldb_proto/public/proto_database_provider.h:101] In memory database cannot use the given database directory
[248891:249031:1026/152532.968896:ERROR:net/disk_cache/simple/simple_file_enumerator.cc:21] opendir /timer/index/result/corpus/0f257ff87712/chrome-tmp/Code Cache/js: No such file or directory (2)
[248891:249031:1026/152532.969184:ERROR:net/disk_cache/simple/simple_index_file.cc:621] Could not reconstruct index from disk

DevTools listening on ws://127.0.0.1:40201/devtools/browser/956ad4ce-e5d9-4b7f-aa1a-1769e46a4747
[248891:248891:1026/152533.039677:ERROR:ui/ozone/platform/headless/headless_window.cc:154] Not implemented reached in virtual bool ui::HeadlessWindow::ShouldUseNativeFrame() const
[SanCov] ✔ [broswer_indexeddb] Initialized in pid 249076, 57785 edges
[SanCov] ✔ [broswer_indexeddb] Initialized in pid 249066, 57785 edges
[SanCov] ✔ [broswer_indexeddb] Initialized in pid 249119, 57785 edges
[249066:249066:1026/152533.992339:ERROR:media/gpu/vaapi/vaapi_wrapper.cc:1628] vaInitialize failed: unknown libva error
[SanCov] ✔ [broswer_indexeddb] Initialized in pid 249301, 57785 edges
[248891:248891:1026/152534.713514:INFO:CONSOLE:15] "FUZZ_BEGIN", source: file:///timer/index/result/corpus/0f257ff87712/0f257ff87712.html (15)
[248891:249023:1026/152534.782332:WARNING:content/browser/indexed_db/file_path_util.cc:107] GetMaximumPathComponentLength returned -1 for /timer/index/result/corpus/0f257ff87712/chrome-tmp/IndexedDB/file__0.indexeddb.leveldb: No such file or directory (2)
[248891:248891:1026/152534.879388:INFO:CONSOLE:20] "db onupgraded trigered", source: file:///timer/index/result/corpus/0f257ff87712/0f257ff87712.html (20)
[248891:248891:1026/152535.006912:INFO:CONSOLE:84] "db onsuccess triggered", source: file:///timer/index/result/corpus/0f257ff87712/0f257ff87712.html (84)
[248891:248891:1026/152535.037706:INFO:CONSOLE:665] "The version of this database has changed, release this connection", source: file:///timer/index/result/corpus/0f257ff87712/0f257ff87712.html (665)
[248891:248891:1026/152535.040610:INFO:CONSOLE:88] "Transaction completed successfully", source: file:///timer/index/result/corpus/0f257ff87712/0f257ff87712.html (88)
[248891:248891:1026/152535.055059:INFO:CONSOLE:98] "Transaction completed successfully", source: file:///timer/index/result/corpus/0f257ff87712/0f257ff87712.html (98)
[248891:248891:1026/152535.062554:INFO:CONSOLE:411] "Transaction completed successfully", source: file:///timer/index/result/corpus/0f257ff87712/0f257ff87712.html (411)
[248891:248891:1026/152535.068743:INFO:CONSOLE:421] "Transaction completed successfully", source: file:///timer/index/result/corpus/0f257ff87712/0f257ff87712.html (421)
[248891:248891:1026/152535.089103:INFO:CONSOLE:102] "db onupgraded trigered", source: file:///timer/index/result/corpus/0f257ff87712/0f257ff87712.html (102)
[248891:248891:1026/152535.102956:INFO:CONSOLE:459] "Transaction completed successfully", source: file:///timer/index/result/corpus/0f257ff87712/0f257ff87712.html (459)
[248891:248891:1026/152535.110705:INFO:CONSOLE:469] "Transaction completed successfully", source: file:///timer/index/result/corpus/0f257ff87712/0f257ff87712.html (469)
[248891:248891:1026/152535.146924:INFO:CONSOLE:541] "Transaction completed successfully", source: file:///timer/index/result/corpus/0f257ff87712/0f257ff87712.html (541)
[248891:248891:1026/152535.148080:INFO:CONSOLE:592] "Transaction completed successfully", source: file:///timer/index/result/corpus/0f257ff87712/0f257ff87712.html (592)
[248891:248891:1026/152535.150715:INFO:CONSOLE:646] "Transaction completed successfully", source: file:///timer/index/result/corpus/0f257ff87712/0f257ff87712.html (646)
[248891:248891:1026/152535.152078:INFO:CONSOLE:656] "Transaction completed successfully", source: file:///timer/index/result/corpus/0f257ff87712/0f257ff87712.html (656)
[248891:248891:1026/152535.202754:INFO:CONSOLE:162] "db onsuccess triggered", source: file:///timer/index/result/corpus/0f257ff87712/0f257ff87712.html (162)
[248891:248891:1026/152535.204101:INFO:CONSOLE:5] "FUZZ_JS_ERROR: Uncaught NotFoundError: Failed to execute 'transaction' on 'IDBDatabase': One of the specified object stores was not found. @ file:///timer/index/result/corpus/0f257ff87712/0f257ff87712.html:164:37
