[SanCov] ✔ [broswer_indexeddb] Initialized in pid 244291, 57785 edges
[244291:244389:1026/152521.064108:ERROR:net/disk_cache/simple/simple_file_enumerator.cc:21] opendir /timer/index/result/corpus/0bd717158769/chrome-tmp/Code Cache/js: No such file or directory (2)
[244291:244389:1026/152521.064424:ERROR:net/disk_cache/simple/simple_index_file.cc:621] Could not reconstruct index from disk
[244291:244291:1026/152521.071824:ERROR:components/leveldb_proto/public/proto_database_provider.h:101] In memory database cannot use the given database directory

DevTools listening on ws://127.0.0.1:45761/devtools/browser/d3a2d2b5-0890-40cc-80b1-1492183ca7c2
[244291:244291:1026/152521.125729:ERROR:ui/ozone/platform/headless/headless_window.cc:154] Not implemented reached in virtual bool ui::HeadlessWindow::ShouldUseNativeFrame() const
[SanCov] ✔ [broswer_indexeddb] Initialized in pid 244408, 57785 edges
[244408:244408:1026/152522.133961:ERROR:media/gpu/vaapi/vaapi_wrapper.cc:1628] vaInitialize failed: unknown libva error
[SanCov] ✔ [broswer_indexeddb] Initialized in pid 244428, 57785 edges
[SanCov] ✔ [broswer_indexeddb] Initialized in pid 244435, 57785 edges
[SanCov] ✔ [broswer_indexeddb] Initialized in pid 244501, 57785 edges
[244291:244291:1026/152523.041479:INFO:CONSOLE:15] "FUZZ_BEGIN", source: file:///timer/index/result/corpus/0bd717158769/0bd717158769.html (15)
[244291:244381:1026/152523.097565:WARNING:content/browser/indexed_db/file_path_util.cc:107] GetMaximumPathComponentLength returned -1 for /timer/index/result/corpus/0bd717158769/chrome-tmp/IndexedDB/file__0.indexeddb.leveldb: No such file or directory (2)
[244291:244291:1026/152523.174349:INFO:CONSOLE:20] "db onupgraded trigered", source: file:///timer/index/result/corpus/0bd717158769/0bd717158769.html (20)
[244291:244291:1026/152523.221675:INFO:CONSOLE:369] "db onupgraded trigered", source: file:///timer/index/result/corpus/0bd717158769/0bd717158769.html (369)
[244291:244291:1026/152523.324116:INFO:CONSOLE:51] "db onsuccess triggered", source: file:///timer/index/result/corpus/0bd717158769/0bd717158769.html (51)
[244291:244291:1026/152523.393773:INFO:CONSOLE:184] "Transaction completed successfully", source: file:///timer/index/result/corpus/0bd717158769/0bd717158769.html (184)
[244291:244291:1026/152523.400544:INFO:CONSOLE:194] "Transaction completed successfully", source: file:///timer/index/result/corpus/0bd717158769/0bd717158769.html (194)
[244291:244291:1026/152523.400830:INFO:CONSOLE:214] "Transaction completed successfully", source: file:///timer/index/result/corpus/0bd717158769/0bd717158769.html (214)
[244291:244291:1026/152523.405494:INFO:CONSOLE:95] "Transaction completed successfully", source: file:///timer/index/result/corpus/0bd717158769/0bd717158769.html (95)
[244291:244291:1026/152523.408178:INFO:CONSOLE:174] "Transaction completed successfully", source: file:///timer/index/result/corpus/0bd717158769/0bd717158769.html (174)
[244291:244291:1026/152523.415008:INFO:CONSOLE:204] "Transaction completed successfully", source: file:///timer/index/result/corpus/0bd717158769/0bd717158769.html (204)
[244291:244291:1026/152523.418989:INFO:CONSOLE:261] "Transaction completed successfully", source: file:///timer/index/result/corpus/0bd717158769/0bd717158769.html (261)
[244291:244291:1026/152523.422887:INFO:CONSOLE:297] "Transaction completed successfully", source: file:///timer/index/result/corpus/0bd717158769/0bd717158769.html (297)
[244291:244291:1026/152523.456419:INFO:CONSOLE:287] "Transaction completed successfully", source: file:///timer/index/result/corpus/0bd717158769/0bd717158769.html (287)
[244291:244291:1026/152523.460585:INFO:CONSOLE:339] "Transaction completed successfully", source: file:///timer/index/result/corpus/0bd717158769/0bd717158769.html (339)
[244291:244291:1026/152523.483948:INFO:CONSOLE:428] "db onsuccess triggered", source: file:///timer/index/result/corpus/0bd717158769/0bd717158769.html (428)
[244291:244291:1026/152523.537891:INFO:CONSOLE:5] "FUZZ_JS_ERROR: Uncaught NotFoundError: Failed to execute 'transaction' on 'IDBDatabase': One of the specified object stores was not found. @ file:///timer/index/result/corpus/0bd717158769/0bd717158769.html:494:29
