[SanCov] ✔ [broswer_indexeddb] Initialized in pid 144911, 57785 edges
[144911:144911:1026/152105.510927:ERROR:components/leveldb_proto/public/proto_database_provider.h:101] In memory database cannot use the given database directory

DevTools listening on ws://127.0.0.1:40111/devtools/browser/7a53e5ee-3adf-42df-a0d9-33c390788cbd
[144911:145042:1026/152105.529812:ERROR:net/disk_cache/simple/simple_file_enumerator.cc:21] opendir /timer/index/result/corpus/120afa64b60c/chrome-tmp/Code Cache/js: No such file or directory (2)
[144911:145042:1026/152105.558418:ERROR:net/disk_cache/simple/simple_index_file.cc:621] Could not reconstruct index from disk
[144911:144911:1026/152105.611493:ERROR:ui/ozone/platform/headless/headless_window.cc:154] Not implemented reached in virtual bool ui::HeadlessWindow::ShouldUseNativeFrame() const
[SanCov] ✔ [broswer_indexeddb] Initialized in pid 145039, 57785 edges
[SanCov] ✔ [broswer_indexeddb] Initialized in pid 145056, 57785 edges
[145039:145039:1026/152106.576116:ERROR:media/gpu/vaapi/vaapi_wrapper.cc:1628] vaInitialize failed: unknown libva error
[SanCov] ✔ [broswer_indexeddb] Initialized in pid 145063, 57785 edges
[SanCov] ✔ [broswer_indexeddb] Initialized in pid 145189, 57785 edges
[144911:144911:1026/152107.318108:INFO:CONSOLE:15] "FUZZ_BEGIN", source: file:///timer/index/result/corpus/120afa64b60c/120afa64b60c.html (15)
[144911:145019:1026/152107.358025:WARNING:content/browser/indexed_db/file_path_util.cc:107] GetMaximumPathComponentLength returned -1 for /timer/index/result/corpus/120afa64b60c/chrome-tmp/IndexedDB/file__0.indexeddb.leveldb: No such file or directory (2)
[144911:144911:1026/152107.411275:INFO:CONSOLE:20] "db onupgraded trigered", source: file:///timer/index/result/corpus/120afa64b60c/120afa64b60c.html (20)
[144911:144911:1026/152107.498927:INFO:CONSOLE:68] "db onsuccess triggered", source: file:///timer/index/result/corpus/120afa64b60c/120afa64b60c.html (68)
[144911:144911:1026/152107.596702:INFO:CONSOLE:590] "db onupgraded trigered", source: file:///timer/index/result/corpus/120afa64b60c/120afa64b60c.html (590)
[144911:144911:1026/152107.616392:INFO:CONSOLE:121] "Transaction completed successfully", source: file:///timer/index/result/corpus/120afa64b60c/120afa64b60c.html (121)
[144911:144911:1026/152107.633565:INFO:CONSOLE:174] "Transaction completed successfully", source: file:///timer/index/result/corpus/120afa64b60c/120afa64b60c.html (174)
[144911:144911:1026/152107.655119:INFO:CONSOLE:210] "Transaction completed successfully", source: file:///timer/index/result/corpus/120afa64b60c/120afa64b60c.html (210)
[144911:144911:1026/152107.678879:INFO:CONSOLE:270] "Transaction completed successfully", source: file:///timer/index/result/corpus/120afa64b60c/120afa64b60c.html (270)
[144911:144911:1026/152107.679109:INFO:CONSOLE:280] "Transaction completed successfully", source: file:///timer/index/result/corpus/120afa64b60c/120afa64b60c.html (280)
[144911:144911:1026/152107.709100:INFO:CONSOLE:376] "Transaction completed successfully", source: file:///timer/index/result/corpus/120afa64b60c/120afa64b60c.html (376)
[144911:144911:1026/152107.711321:INFO:CONSOLE:320] "Transaction completed successfully", source: file:///timer/index/result/corpus/120afa64b60c/120afa64b60c.html (320)
[144911:144911:1026/152107.712516:INFO:CONSOLE:443] "Transaction completed successfully", source: file:///timer/index/result/corpus/120afa64b60c/120afa64b60c.html (443)
[144911:144911:1026/152107.714637:INFO:CONSOLE:504] "Transaction completed successfully", source: file:///timer/index/result/corpus/120afa64b60c/120afa64b60c.html (504)
[144911:144911:1026/152107.716742:INFO:CONSOLE:1250] "Transaction completed successfully", source: file:///timer/index/result/corpus/120afa64b60c/120afa64b60c.html (1250)
[144911:144911:1026/152107.760201:INFO:CONSOLE:638] "db onsuccess triggered", source: file:///timer/index/result/corpus/120afa64b60c/120afa64b60c.html (638)
[144911:144911:1026/152107.816056:INFO:CONSOLE:5] "FUZZ_JS_ERROR: Uncaught TransactionInactiveError: Failed to execute 'put' on 'IDBObjectStore': The transaction has finished. @ file:///timer/index/result/corpus/120afa64b60c/120afa64b60c.html:915:38
