[SanCov] ✔ [broswer_indexeddb] Initialized in pid 173051, 57785 edges
[173051:173148:1026/152217.391876:ERROR:net/disk_cache/simple/simple_file_enumerator.cc:21] opendir /timer/index/result/corpus/c430fd14b9e3/chrome-tmp/Code Cache/js: No such file or directory (2)
[173051:173148:1026/152217.392192:ERROR:net/disk_cache/simple/simple_index_file.cc:621] Could not reconstruct index from disk
[173051:173051:1026/152217.428891:ERROR:components/leveldb_proto/public/proto_database_provider.h:101] In memory database cannot use the given database directory

DevTools listening on ws://127.0.0.1:36071/devtools/browser/18b0575d-84fa-4abd-aa9e-17a93a7b6638
[173051:173051:1026/152217.477927:ERROR:ui/ozone/platform/headless/headless_window.cc:154] Not implemented reached in virtual bool ui::HeadlessWindow::ShouldUseNativeFrame() const
[SanCov] ✔ [broswer_indexeddb] Initialized in pid 173155, 57785 edges
[SanCov] ✔ [broswer_indexeddb] Initialized in pid 173180, 57785 edges
[SanCov] ✔ [broswer_indexeddb] Initialized in pid 173183, 57785 edges
[173155:173155:1026/152218.486974:ERROR:media/gpu/vaapi/vaapi_wrapper.cc:1628] vaInitialize failed: unknown libva error
[SanCov] ✔ [broswer_indexeddb] Initialized in pid 173232, 57785 edges
[173051:173051:1026/152219.331956:INFO:CONSOLE:15] "FUZZ_BEGIN", source: file:///timer/index/result/corpus/c430fd14b9e3/c430fd14b9e3.html (15)
[173051:173136:1026/152219.421112:WARNING:content/browser/indexed_db/file_path_util.cc:107] GetMaximumPathComponentLength returned -1 for /timer/index/result/corpus/c430fd14b9e3/chrome-tmp/IndexedDB/file__0.indexeddb.leveldb: No such file or directory (2)
[173051:173051:1026/152219.457679:INFO:CONSOLE:20] "db onupgraded trigered", source: file:///timer/index/result/corpus/c430fd14b9e3/c430fd14b9e3.html (20)
[173051:173051:1026/152219.562229:INFO:CONSOLE:74] "db onsuccess triggered", source: file:///timer/index/result/corpus/c430fd14b9e3/c430fd14b9e3.html (74)
[173051:173051:1026/152219.635963:INFO:CONSOLE:127] "db onupgraded trigered", source: file:///timer/index/result/corpus/c430fd14b9e3/c430fd14b9e3.html (127)
[173051:173051:1026/152219.656657:INFO:CONSOLE:513] "Transaction completed successfully", source: file:///timer/index/result/corpus/c430fd14b9e3/c430fd14b9e3.html (513)
[173051:173051:1026/152219.663066:INFO:CONSOLE:115] "Transaction completed successfully", source: file:///timer/index/result/corpus/c430fd14b9e3/c430fd14b9e3.html (115)
[173051:173051:1026/152219.663403:INFO:CONSOLE:622] "Transaction completed successfully", source: file:///timer/index/result/corpus/c430fd14b9e3/c430fd14b9e3.html (622)
[173051:173051:1026/152219.689958:INFO:CONSOLE:681] "Transaction completed successfully", source: file:///timer/index/result/corpus/c430fd14b9e3/c430fd14b9e3.html (681)
[173051:173051:1026/152219.700031:INFO:CONSOLE:671] "Transaction completed successfully", source: file:///timer/index/result/corpus/c430fd14b9e3/c430fd14b9e3.html (671)
[173051:173051:1026/152219.722014:INFO:CONSOLE:710] "Transaction completed successfully", source: file:///timer/index/result/corpus/c430fd14b9e3/c430fd14b9e3.html (710)
[173051:173051:1026/152219.747235:INFO:CONSOLE:753] "Transaction completed successfully", source: file:///timer/index/result/corpus/c430fd14b9e3/c430fd14b9e3.html (753)
[173051:173051:1026/152219.761784:INFO:CONSOLE:763] "Transaction completed successfully", source: file:///timer/index/result/corpus/c430fd14b9e3/c430fd14b9e3.html (763)
[173051:173051:1026/152219.770964:INFO:CONSOLE:773] "Transaction completed successfully", source: file:///timer/index/result/corpus/c430fd14b9e3/c430fd14b9e3.html (773)
[173051:173051:1026/152219.772634:INFO:CONSOLE:808] "Transaction completed successfully", source: file:///timer/index/result/corpus/c430fd14b9e3/c430fd14b9e3.html (808)
[173051:173051:1026/152219.798521:INFO:CONSOLE:190] "db onsuccess triggered", source: file:///timer/index/result/corpus/c430fd14b9e3/c430fd14b9e3.html (190)
[173051:173051:1026/152219.839846:INFO:CONSOLE:5] "FUZZ_JS_ERROR: Uncaught TransactionInactiveError: Failed to execute 'getAll' on 'IDBObjectStore': The transaction has finished. @ file:///timer/index/result/corpus/c430fd14b9e3/c430fd14b9e3.html:431:37
