[SanCov] ✔ [broswer_indexeddb] Initialized in pid 252894, 57785 edges
[252894:252894:1026/152543.078148:ERROR:components/leveldb_proto/public/proto_database_provider.h:101] In memory database cannot use the given database directory

DevTools listening on ws://127.0.0.1:39229/devtools/browser/214367f3-9d91-40e7-ad38-2b1ddf4015ed
[252894:252970:1026/152543.094156:ERROR:net/disk_cache/simple/simple_file_enumerator.cc:21] opendir /timer/index/result/corpus/4b92d7aec113/chrome-tmp/Code Cache/js: No such file or directory (2)
[252894:252970:1026/152543.094240:ERROR:net/disk_cache/simple/simple_index_file.cc:621] Could not reconstruct index from disk
[252894:252894:1026/152543.119458:ERROR:ui/ozone/platform/headless/headless_window.cc:154] Not implemented reached in virtual bool ui::HeadlessWindow::ShouldUseNativeFrame() const
[SanCov] ✔ [broswer_indexeddb] Initialized in pid 253001, 57785 edges
[253001:253001:1026/152543.999691:ERROR:media/gpu/vaapi/vaapi_wrapper.cc:1628] vaInitialize failed: unknown libva error
[SanCov] ✔ [broswer_indexeddb] Initialized in pid 253029, 57785 edges
[SanCov] ✔ [broswer_indexeddb] Initialized in pid 253035, 57785 edges
[SanCov] ✔ [broswer_indexeddb] Initialized in pid 253148, 57785 edges
[252894:252894:1026/152544.800207:INFO:CONSOLE:15] "FUZZ_BEGIN", source: file:///timer/index/result/corpus/4b92d7aec113/4b92d7aec113.html (15)
[252894:252964:1026/152544.877283:WARNING:content/browser/indexed_db/file_path_util.cc:107] GetMaximumPathComponentLength returned -1 for /timer/index/result/corpus/4b92d7aec113/chrome-tmp/IndexedDB/file__0.indexeddb.leveldb: No such file or directory (2)
[252894:252894:1026/152544.910201:INFO:CONSOLE:20] "db onupgraded trigered", source: file:///timer/index/result/corpus/4b92d7aec113/4b92d7aec113.html (20)
[252894:252894:1026/152544.991796:INFO:CONSOLE:87] "db onsuccess triggered", source: file:///timer/index/result/corpus/4b92d7aec113/4b92d7aec113.html (87)
[252894:252894:1026/152545.040659:INFO:CONSOLE:224] "db onupgraded trigered", source: file:///timer/index/result/corpus/4b92d7aec113/4b92d7aec113.html (224)
[252894:252894:1026/152545.062165:INFO:CONSOLE:1056] "The version of this database has changed, release this connection", source: file:///timer/index/result/corpus/4b92d7aec113/4b92d7aec113.html (1056)
[252894:252894:1026/152545.062472:INFO:CONSOLE:113] "Transaction completed successfully", source: file:///timer/index/result/corpus/4b92d7aec113/4b92d7aec113.html (113)
[252894:252894:1026/152545.073647:INFO:CONSOLE:538] "Transaction completed successfully", source: file:///timer/index/result/corpus/4b92d7aec113/4b92d7aec113.html (538)
[252894:252894:1026/152545.074194:INFO:CONSOLE:549] "Transaction completed successfully", source: file:///timer/index/result/corpus/4b92d7aec113/4b92d7aec113.html (549)
[252894:252894:1026/152545.074564:INFO:CONSOLE:1047] "Transaction completed successfully", source: file:///timer/index/result/corpus/4b92d7aec113/4b92d7aec113.html (1047)
[252894:252894:1026/152545.074886:INFO:CONSOLE:165] "Transaction completed successfully", source: file:///timer/index/result/corpus/4b92d7aec113/4b92d7aec113.html (165)
[252894:252894:1026/152545.079681:INFO:CONSOLE:213] "Transaction completed successfully", source: file:///timer/index/result/corpus/4b92d7aec113/4b92d7aec113.html (213)
[252894:252894:1026/152545.084672:INFO:CONSOLE:559] "Transaction completed successfully", source: file:///timer/index/result/corpus/4b92d7aec113/4b92d7aec113.html (559)
[252894:252894:1026/152545.089650:INFO:CONSOLE:570] "Transaction completed successfully", source: file:///timer/index/result/corpus/4b92d7aec113/4b92d7aec113.html (570)
[252894:252894:1026/152545.104886:INFO:CONSOLE:999] "Transaction completed successfully", source: file:///timer/index/result/corpus/4b92d7aec113/4b92d7aec113.html (999)
[252894:252894:1026/152545.124282:INFO:CONSOLE:1037] "Transaction completed successfully", source: file:///timer/index/result/corpus/4b92d7aec113/4b92d7aec113.html (1037)
[252894:252894:1026/152545.153868:INFO:CONSOLE:255] "db onsuccess triggered", source: file:///timer/index/result/corpus/4b92d7aec113/4b92d7aec113.html (255)
[252894:252894:1026/152545.155922:INFO:CONSOLE:5] "FUZZ_JS_ERROR: Uncaught NotFoundError: Failed to execute 'transaction' on 'IDBDatabase': One of the specified object stores was not found. @ file:///timer/index/result/corpus/4b92d7aec113/4b92d7aec113.html:257:33
