[SanCov] ✔ [broswer_indexeddb] Initialized in pid 216267, 57785 edges
[216267:216267:1026/152408.541714:ERROR:components/leveldb_proto/public/proto_database_provider.h:101] In memory database cannot use the given database directory

DevTools listening on ws://127.0.0.1:43991/devtools/browser/f3bc426f-114f-417c-a5e7-b41f0e1031ad
[216267:216361:1026/152408.570133:ERROR:net/disk_cache/simple/simple_file_enumerator.cc:21] opendir /timer/index/result/corpus/b9bbcab95706/chrome-tmp/Code Cache/js: No such file or directory (2)
[216267:216361:1026/152408.581805:ERROR:net/disk_cache/simple/simple_index_file.cc:621] Could not reconstruct index from disk
[216267:216267:1026/152408.621957:ERROR:ui/ozone/platform/headless/headless_window.cc:154] Not implemented reached in virtual bool ui::HeadlessWindow::ShouldUseNativeFrame() const
[SanCov] ✔ [broswer_indexeddb] Initialized in pid 216393, 57785 edges
[SanCov] ✔ [broswer_indexeddb] Initialized in pid 216421, 57785 edges
[SanCov] ✔ [broswer_indexeddb] Initialized in pid 216487, 57785 edges
[216393:216393:1026/152409.543043:ERROR:media/gpu/vaapi/vaapi_wrapper.cc:1628] vaInitialize failed: unknown libva error
[SanCov] ✔ [broswer_indexeddb] Initialized in pid 216584, 57785 edges
[216267:216267:1026/152410.173620:INFO:CONSOLE:15] "FUZZ_BEGIN", source: file:///timer/index/result/corpus/b9bbcab95706/b9bbcab95706.html (15)
[216267:216370:1026/152410.285090:WARNING:content/browser/indexed_db/file_path_util.cc:107] GetMaximumPathComponentLength returned -1 for /timer/index/result/corpus/b9bbcab95706/chrome-tmp/IndexedDB/file__0.indexeddb.leveldb: No such file or directory (2)
[216267:216267:1026/152410.365993:INFO:CONSOLE:20] "db onupgraded trigered", source: file:///timer/index/result/corpus/b9bbcab95706/b9bbcab95706.html (20)
[216267:216267:1026/152410.490634:INFO:CONSOLE:70] "db onsuccess triggered", source: file:///timer/index/result/corpus/b9bbcab95706/b9bbcab95706.html (70)
[216267:216267:1026/152410.520874:INFO:CONSOLE:74] "Transaction completed successfully", source: file:///timer/index/result/corpus/b9bbcab95706/b9bbcab95706.html (74)
[216267:216267:1026/152410.523177:INFO:CONSOLE:86] "Transaction completed successfully", source: file:///timer/index/result/corpus/b9bbcab95706/b9bbcab95706.html (86)
[216267:216267:1026/152410.526731:INFO:CONSOLE:134] "Transaction completed successfully", source: file:///timer/index/result/corpus/b9bbcab95706/b9bbcab95706.html (134)
[216267:216267:1026/152410.534743:INFO:CONSOLE:144] "Transaction completed successfully", source: file:///timer/index/result/corpus/b9bbcab95706/b9bbcab95706.html (144)
[216267:216267:1026/152410.535777:INFO:CONSOLE:124] "Transaction completed successfully", source: file:///timer/index/result/corpus/b9bbcab95706/b9bbcab95706.html (124)
[216267:216267:1026/152410.536100:INFO:CONSOLE:154] "Transaction completed successfully", source: file:///timer/index/result/corpus/b9bbcab95706/b9bbcab95706.html (154)
[216267:216267:1026/152410.550209:INFO:CONSOLE:165] "Transaction completed successfully", source: file:///timer/index/result/corpus/b9bbcab95706/b9bbcab95706.html (165)
[216267:216267:1026/152410.560832:INFO:CONSOLE:210] "Transaction completed successfully", source: file:///timer/index/result/corpus/b9bbcab95706/b9bbcab95706.html (210)
[216267:216267:1026/152410.568397:INFO:CONSOLE:699] "Transaction completed successfully", source: file:///timer/index/result/corpus/b9bbcab95706/b9bbcab95706.html (699)
[216267:216267:1026/152410.568658:INFO:CONSOLE:200] "Transaction completed successfully", source: file:///timer/index/result/corpus/b9bbcab95706/b9bbcab95706.html (200)
[216267:216267:1026/152410.583238:INFO:CONSOLE:214] "db onupgraded trigered", source: file:///timer/index/result/corpus/b9bbcab95706/b9bbcab95706.html (214)
[216267:216267:1026/152410.646831:INFO:CONSOLE:267] "db onsuccess triggered", source: file:///timer/index/result/corpus/b9bbcab95706/b9bbcab95706.html (267)
[216267:216267:1026/152410.657500:INFO:CONSOLE:5] "FUZZ_JS_ERROR: Uncaught TransactionInactiveError: Failed to execute 'put' on 'IDBObjectStore': The transaction has finished. @ file:///timer/index/result/corpus/b9bbcab95706/b9bbcab95706.html:314:41
