[SanCov] ✔ [broswer_indexeddb] Initialized in pid 153240, 57785 edges
[153240:153240:1026/152127.070584:ERROR:components/leveldb_proto/public/proto_database_provider.h:101] In memory database cannot use the given database directory

DevTools listening on ws://127.0.0.1:41191/devtools/browser/98186f41-99c5-40ea-be91-48d76e12c021
[153240:153427:1026/152127.110640:ERROR:net/disk_cache/simple/simple_file_enumerator.cc:21] opendir /timer/index/result/corpus/7a839028f118/chrome-tmp/Code Cache/js: No such file or directory (2)
[153240:153427:1026/152127.110886:ERROR:net/disk_cache/simple/simple_index_file.cc:621] Could not reconstruct index from disk
[153240:153240:1026/152127.155336:ERROR:ui/ozone/platform/headless/headless_window.cc:154] Not implemented reached in virtual bool ui::HeadlessWindow::ShouldUseNativeFrame() const
[SanCov] ✔ [broswer_indexeddb] Initialized in pid 153449, 57785 edges
[SanCov] ✔ [broswer_indexeddb] Initialized in pid 153473, 57785 edges
[SanCov] ✔ [broswer_indexeddb] Initialized in pid 153483, 57785 edges
[153449:153449:1026/152128.102713:ERROR:media/gpu/vaapi/vaapi_wrapper.cc:1628] vaInitialize failed: unknown libva error
[SanCov] ✔ [broswer_indexeddb] Initialized in pid 153536, 57785 edges
[153240:153240:1026/152128.786496:INFO:CONSOLE:15] "FUZZ_BEGIN", source: file:///timer/index/result/corpus/7a839028f118/7a839028f118.html (15)
[153240:153427:1026/152128.844682:WARNING:content/browser/indexed_db/file_path_util.cc:107] GetMaximumPathComponentLength returned -1 for /timer/index/result/corpus/7a839028f118/chrome-tmp/IndexedDB/file__0.indexeddb.leveldb: No such file or directory (2)
[153240:153240:1026/152128.920998:INFO:CONSOLE:20] "db onupgraded trigered", source: file:///timer/index/result/corpus/7a839028f118/7a839028f118.html (20)
[153240:153240:1026/152129.055620:INFO:CONSOLE:75] "db onsuccess triggered", source: file:///timer/index/result/corpus/7a839028f118/7a839028f118.html (75)
[153240:153240:1026/152129.145220:INFO:CONSOLE:157] "db onupgraded trigered", source: file:///timer/index/result/corpus/7a839028f118/7a839028f118.html (157)
[153240:153240:1026/152129.178967:INFO:CONSOLE:79] "Transaction completed successfully", source: file:///timer/index/result/corpus/7a839028f118/7a839028f118.html (79)
[153240:153240:1026/152129.179239:INFO:CONSOLE:89] "Transaction completed successfully", source: file:///timer/index/result/corpus/7a839028f118/7a839028f118.html (89)
[153240:153240:1026/152129.179492:INFO:CONSOLE:571] "Transaction completed successfully", source: file:///timer/index/result/corpus/7a839028f118/7a839028f118.html (571)
[153240:153240:1026/152129.194123:INFO:CONSOLE:612] "Transaction completed successfully", source: file:///timer/index/result/corpus/7a839028f118/7a839028f118.html (612)
[153240:153240:1026/152129.196394:INFO:CONSOLE:673] "Transaction completed successfully", source: file:///timer/index/result/corpus/7a839028f118/7a839028f118.html (673)
[153240:153240:1026/152129.200870:INFO:CONSOLE:683] "Transaction completed successfully", source: file:///timer/index/result/corpus/7a839028f118/7a839028f118.html (683)
[153240:153240:1026/152129.201460:INFO:CONSOLE:693] "Transaction completed successfully", source: file:///timer/index/result/corpus/7a839028f118/7a839028f118.html (693)
[153240:153240:1026/152129.206259:INFO:CONSOLE:703] "Transaction completed successfully", source: file:///timer/index/result/corpus/7a839028f118/7a839028f118.html (703)
[153240:153240:1026/152129.240971:INFO:CONSOLE:713] "Transaction completed successfully", source: file:///timer/index/result/corpus/7a839028f118/7a839028f118.html (713)
[153240:153240:1026/152129.257412:INFO:CONSOLE:1109] "Transaction completed successfully", source: file:///timer/index/result/corpus/7a839028f118/7a839028f118.html (1109)
[153240:153240:1026/152129.293838:INFO:CONSOLE:216] "db onsuccess triggered", source: file:///timer/index/result/corpus/7a839028f118/7a839028f118.html (216)
[153240:153240:1026/152129.311923:INFO:CONSOLE:5] "FUZZ_JS_ERROR: Uncaught TransactionInactiveError: Failed to execute 'add' on 'IDBObjectStore': The transaction has finished. @ file:///timer/index/result/corpus/7a839028f118/7a839028f118.html:408:34
