[SanCov] ✔ [broswer_indexeddb] Initialized in pid 146906, 57785 edges
[146906:146906:1026/152110.778257:ERROR:components/leveldb_proto/public/proto_database_provider.h:101] In memory database cannot use the given database directory
[146906:146968:1026/152110.791121:ERROR:net/disk_cache/simple/simple_version_upgrade.cc:104] Failed to write a new fake index.

DevTools listening on ws://127.0.0.1:39947/devtools/browser/c7b526c5-6d48-45dc-95ea-ecef2c03c618
[146906:146906:1026/152110.875185:ERROR:ui/ozone/platform/headless/headless_window.cc:154] Not implemented reached in virtual bool ui::HeadlessWindow::ShouldUseNativeFrame() const
[SanCov] ✔ [broswer_indexeddb] Initialized in pid 146998, 57785 edges
[SanCov] ✔ [broswer_indexeddb] Initialized in pid 147058, 57785 edges
[SanCov] ✔ [broswer_indexeddb] Initialized in pid 147066, 57785 edges
[146998:146998:1026/152111.786970:ERROR:media/gpu/vaapi/vaapi_wrapper.cc:1628] vaInitialize failed: unknown libva error
[SanCov] ✔ [broswer_indexeddb] Initialized in pid 147151, 57785 edges
[146906:146906:1026/152112.547150:INFO:CONSOLE:15] "FUZZ_BEGIN", source: file:///timer/index/result/corpus/e2da8e05ca99/e2da8e05ca99.html (15)
[146906:146968:1026/152112.664365:WARNING:content/browser/indexed_db/file_path_util.cc:107] GetMaximumPathComponentLength returned -1 for /timer/index/result/corpus/e2da8e05ca99/chrome-tmp/IndexedDB/file__0.indexeddb.leveldb: No such file or directory (2)
[146906:146906:1026/152112.686594:INFO:CONSOLE:20] "db onupgraded trigered", source: file:///timer/index/result/corpus/e2da8e05ca99/e2da8e05ca99.html (20)
[146906:146906:1026/152112.812738:INFO:CONSOLE:67] "db onsuccess triggered", source: file:///timer/index/result/corpus/e2da8e05ca99/e2da8e05ca99.html (67)
[146906:146906:1026/152112.876281:INFO:CONSOLE:363] "db onupgraded trigered", source: file:///timer/index/result/corpus/e2da8e05ca99/e2da8e05ca99.html (363)
[146906:146906:1026/152112.884139:INFO:CONSOLE:96] "Transaction completed successfully", source: file:///timer/index/result/corpus/e2da8e05ca99/e2da8e05ca99.html (96)
[146906:146906:1026/152112.933053:INFO:CONSOLE:156] "Transaction completed successfully", source: file:///timer/index/result/corpus/e2da8e05ca99/e2da8e05ca99.html (156)
[146906:146906:1026/152112.941624:INFO:CONSOLE:239] "Transaction completed successfully", source: file:///timer/index/result/corpus/e2da8e05ca99/e2da8e05ca99.html (239)
[146906:146906:1026/152112.951210:INFO:CONSOLE:274] "Transaction completed successfully", source: file:///timer/index/result/corpus/e2da8e05ca99/e2da8e05ca99.html (274)
[146906:146906:1026/152112.953677:INFO:CONSOLE:264] "Transaction completed successfully", source: file:///timer/index/result/corpus/e2da8e05ca99/e2da8e05ca99.html (264)
[146906:146906:1026/152112.976580:INFO:CONSOLE:328] "Transaction completed successfully", source: file:///timer/index/result/corpus/e2da8e05ca99/e2da8e05ca99.html (328)
[146906:146906:1026/152112.996390:INFO:CONSOLE:867] "Transaction completed successfully", source: file:///timer/index/result/corpus/e2da8e05ca99/e2da8e05ca99.html (867)
[146906:146906:1026/152113.025798:INFO:CONSOLE:403] "db onsuccess triggered", source: file:///timer/index/result/corpus/e2da8e05ca99/e2da8e05ca99.html (403)
[146906:146906:1026/152113.030935:INFO:CONSOLE:5] "FUZZ_JS_ERROR: Uncaught TransactionInactiveError: Failed to execute 'count' on 'IDBObjectStore': The transaction has finished. @ file:///timer/index/result/corpus/e2da8e05ca99/e2da8e05ca99.html:461:39
