[SanCov] ✔ [blink_indexeddb] Initialized, 56218 edges
[61863:61863:1015/234147.292325:ERROR:components/leveldb_proto/public/proto_database_provider.h:101] In memory database cannot use the given database directory

DevTools listening on ws://127.0.0.1:38681/devtools/browser/acd75b17-4c52-4511-9f6c-9001bb7c3b43
[61863:61863:1015/234147.312056:ERROR:ui/ozone/platform/headless/headless_window.cc:154] Not implemented reached in virtual bool ui::HeadlessWindow::ShouldUseNativeFrame() const
[SanCov] ✔ [blink_indexeddb] Initialized, 56218 edges
[SanCov] ✔ [blink_indexeddb] Initialized, 56218 edges
[SanCov] ✔ [blink_indexeddb] Initialized, 56218 edges
[SanCov] ✔ [blink_indexeddb] Initialized, 56218 edges
[SanCov] ✔ [blink_indexeddb] Initialized, 56218 edges
[61863:61863:1015/234147.567448:INFO:CONSOLE:4] "FUZZ_BEGIN:001", source: file:///timer/index/tmp_env/test_with_header.html (4)
[61863:61876:1015/234147.582050:WARNING:content/browser/indexed_db/file_path_util.cc:107] GetMaximumPathComponentLength returned -1 for /timer/index/tmp_env/chrome-tmp/IndexedDB/file__0.indexeddb.leveldb: No such file or directory (2)
[61863:61863:1015/234147.597110:INFO:CONSOLE:12] "Uncaught TypeError: Failed to execute 'createObjectStore' on 'IDBDatabase': 1 argument required, but only 0 present.", source: file:///timer/index/tmp_env/test_with_header.html (12)
[SanCov] ✔ [blink_indexeddb] Initialized, 56218 edges
[61863:61863:1015/234148.068553:INFO:CONSOLE:5] "FUZZ_DONE:001", source: file:///timer/index/tmp_env/test_with_header.html (5)
[SanCov] ✔ [blink_indexeddb] Bitmap saved to /timer/index/tmp_env/sancov_bitmap_blink_indexeddb.bin
[61863:61863:1015/234148.144900:ERROR:content/browser/gpu/gpu_process_host.cc:577] BrowserMainRunner::ExitedMainMessageLoop()
[61863:61878:1015/234148.148845:WARNING:components/discardable_memory/service/discardable_shared_memory_manager.cc:450] Some MojoDiscardableSharedMemoryManagerImpls are still alive. They will be leaked.
[SanCov] ✔ [blink_indexeddb] Bitmap saved to /timer/index/tmp_env/sancov_bitmap_blink_indexeddb.bin
[SanCov] ✔ [blink_indexeddb] Bitmap saved to /timer/index/tmp_env/sancov_bitmap_blink_indexeddb.bin
[SanCov] ✔ [blink_indexeddb] Initialized, 56218 edges
