
========== IDX Fuzzer Stats ==========
Elapsed Time             : 00h 00m 05s
Total Executions         : 16
Throughput (seeds/min)   : 191.78
Total New Edges          : 0
Corpus Count             : 16
Last Interesting Seed @  : 16
Coverage                 : 0.0000%
Timeout Cases            : 0
Crash (pending)          : 0
Crash (new)              : 0
Crash (completed)        : 0
Crash (attachments)      : 0
======================================

========== IDX Fuzzer Stats ==========
Elapsed Time             : 00h 00m 10s
Total Executions         : 32
Throughput (seeds/min)   : 190.58
Total New Edges          : 0
Corpus Count             : 16
Last Interesting Seed @  : 32
Coverage                 : 0.0000%
Timeout Cases            : 16
Crash (pending)          : 0
Crash (new)              : 0
Crash (completed)        : 0
Crash (attachments)      : 0
======================================

========== IDX Fuzzer Stats ==========
Elapsed Time             : 00h 00m 05s
Total Executions         : 27
Throughput (seeds/min)   : 191.87
Total New Edges          : 0
Corpus Count             : 16
Last Interesting Seed @  : 27
Coverage                 : 0.0000%
Timeout Cases            : 11
Crash (pending)          : 0
Crash (new)              : 0
Crash (completed)        : 0
Crash (attachments)      : 0
======================================

========== IDX Fuzzer Stats ==========
Elapsed Time             : 00h 00m 05s
Total Executions         : 18
Throughput (seeds/min)   : 191.72
Total New Edges          : 0
Corpus Count             : 16
Last Interesting Seed @  : 18
Coverage                 : 0.0000%
Timeout Cases            : 2
Crash (pending)          : 0
Crash (new)              : 0
Crash (completed)        : 0
Crash (attachments)      : 0
======================================

========== IDX Fuzzer Stats ==========
Elapsed Time             : 00h 00m 10s
Total Executions         : 32
Throughput (seeds/min)   : 188.40
Total New Edges          : 0
Corpus Count             : 16
Last Interesting Seed @  : 32
Coverage                 : 0.0000%
Timeout Cases            : 16
Crash (pending)          : 0
Crash (new)              : 0
Crash (completed)        : 0
Crash (attachments)      : 0
======================================

========== IDX Fuzzer Stats ==========
Elapsed Time             : 00h 00m 05s
Total Executions         : 21
Throughput (seeds/min)   : 251.64
Total New Edges          : 5469
Corpus Count             : 20
Last Interesting Seed @  : 3
Coverage                 : 0.0718%
Timeout Cases            : 0
Crash (pending)          : 0
Crash (new)              : 0
Crash (completed)        : 0
Crash (attachments)      : 0
======================================

========== IDX Fuzzer Stats ==========
Elapsed Time             : 00h 00m 10s
Total Executions         : 43
Throughput (seeds/min)   : 263.53
Total New Edges          : 5812
Corpus Count             : 32
Last Interesting Seed @  : 1
Coverage                 : 0.0762%
Timeout Cases            : 0
Crash (pending)          : 0
Crash (new)              : 0
Crash (completed)        : 0
Crash (attachments)      : 0
======================================

========== IDX Fuzzer Stats ==========
Elapsed Time             : 00h 00m 15s
Total Executions         : 56
Throughput (seeds/min)   : 155.95
Total New Edges          : 5812
Corpus Count             : 32
Last Interesting Seed @  : 14
Coverage                 : 0.0762%
Timeout Cases            : 0
Crash (pending)          : 0
Crash (new)              : 0
Crash (completed)        : 0
Crash (attachments)      : 0
======================================

========== IDX Fuzzer Stats ==========
Elapsed Time             : 00h 00m 20s
Total Executions         : 81
Throughput (seeds/min)   : 299.72
Total New Edges          : 5832
Corpus Count             : 38
Last Interesting Seed @  : 1
Coverage                 : 0.0764%
Timeout Cases            : 0
Crash (pending)          : 0
Crash (new)              : 0
Crash (completed)        : 0
Crash (attachments)      : 0
======================================

========== IDX Fuzzer Stats ==========
Elapsed Time             : 00h 00m 25s
Total Executions         : 104
Throughput (seeds/min)   : 275.86
Total New Edges          : 5851
Corpus Count             : 45
Last Interesting Seed @  : 5
Coverage                 : 0.0767%
Timeout Cases            : 0
Crash (pending)          : 0
Crash (new)              : 0
Crash (completed)        : 0
Crash (attachments)      : 0
======================================

========== IDX Fuzzer Stats ==========
Elapsed Time             : 00h 00m 30s
Total Executions         : 124
Throughput (seeds/min)   : 238.77
Total New Edges          : 5852
Corpus Count             : 46
Last Interesting Seed @  : 10
Coverage                 : 0.0767%
Timeout Cases            : 0
Crash (pending)          : 0
Crash (new)              : 0
Crash (completed)        : 0
Crash (attachments)      : 0
======================================

========== IDX Fuzzer Stats ==========
Elapsed Time             : 00h 00m 35s
Total Executions         : 149
Throughput (seeds/min)   : 298.47
Total New Edges          : 5852
Corpus Count             : 46
Last Interesting Seed @  : 35
Coverage                 : 0.0767%
Timeout Cases            : 0
Crash (pending)          : 0
Crash (new)              : 0
Crash (completed)        : 0
Crash (attachments)      : 0
======================================

========== IDX Fuzzer Stats ==========
Elapsed Time             : 00h 00m 40s
Total Executions         : 172
Throughput (seeds/min)   : 275.52
Total New Edges          : 5854
Corpus Count             : 48
Last Interesting Seed @  : 12
Coverage                 : 0.0767%
Timeout Cases            : 0
Crash (pending)          : 0
Crash (new)              : 0
Crash (completed)        : 0
Crash (attachments)      : 0
======================================

========== IDX Fuzzer Stats ==========
Elapsed Time             : 00h 00m 45s
Total Executions         : 193
Throughput (seeds/min)   : 251.75
Total New Edges          : 5868
Corpus Count             : 51
Last Interesting Seed @  : 3
Coverage                 : 0.0769%
Timeout Cases            : 0
Crash (pending)          : 0
Crash (new)              : 0
Crash (completed)        : 0
Crash (attachments)      : 0
======================================

========== IDX Fuzzer Stats ==========
Elapsed Time             : 00h 00m 50s
Total Executions         : 215
Throughput (seeds/min)   : 263.40
Total New Edges          : 5869
Corpus Count             : 52
Last Interesting Seed @  : 17
Coverage                 : 0.0769%
Timeout Cases            : 0
Crash (pending)          : 0
Crash (new)              : 0
Crash (completed)        : 0
Crash (attachments)      : 0
======================================

========== IDX Fuzzer Stats ==========
Elapsed Time             : 00h 00m 55s
Total Executions         : 235
Throughput (seeds/min)   : 239.63
Total New Edges          : 5872
Corpus Count             : 54
Last Interesting Seed @  : 17
Coverage                 : 0.0770%
Timeout Cases            : 0
Crash (pending)          : 0
Crash (new)              : 0
Crash (completed)        : 0
Crash (attachments)      : 0
======================================

========== IDX Fuzzer Stats ==========
Elapsed Time             : 00h 01m 00s
Total Executions         : 256
Throughput (seeds/min)   : 251.55
Total New Edges          : 5878
Corpus Count             : 57
Last Interesting Seed @  : 14
Coverage                 : 0.0770%
Timeout Cases            : 0
Crash (pending)          : 0
Crash (new)              : 0
Crash (completed)        : 0
Crash (attachments)      : 0
======================================

========== IDX Fuzzer Stats ==========
Elapsed Time             : 00h 01m 05s
Total Executions         : 275
Throughput (seeds/min)   : 227.91
Total New Edges          : 5883
Corpus Count             : 60
Last Interesting Seed @  : 7
Coverage                 : 0.0771%
Timeout Cases            : 0
Crash (pending)          : 0
Crash (new)              : 0
Crash (completed)        : 0
Crash (attachments)      : 0
======================================

========== IDX Fuzzer Stats ==========
Elapsed Time             : 00h 01m 10s
Total Executions         : 292
Throughput (seeds/min)   : 203.95
Total New Edges          : 5890
Corpus Count             : 62
Last Interesting Seed @  : 2
Coverage                 : 0.0772%
Timeout Cases            : 1
Crash (pending)          : 0
Crash (new)              : 0
Crash (completed)        : 0
Crash (attachments)      : 0
======================================

========== IDX Fuzzer Stats ==========
Elapsed Time             : 00h 01m 15s
Total Executions         : 315
Throughput (seeds/min)   : 275.89
Total New Edges          : 5890
Corpus Count             : 62
Last Interesting Seed @  : 25
Coverage                 : 0.0772%
Timeout Cases            : 8
Crash (pending)          : 0
Crash (new)              : 0
Crash (completed)        : 0
Crash (attachments)      : 0
======================================

========== IDX Fuzzer Stats ==========
Elapsed Time             : 00h 00m 05s
Total Executions         : 4
Throughput (seeds/min)   : 47.98
Total New Edges          : 4706
Corpus Count             : 4
Last Interesting Seed @  : 1
Coverage                 : 0.0618%
Timeout Cases            : 0
Crash (pending)          : 0
Crash (new)              : 0
Crash (completed)        : 0
Crash (attachments)      : 0
======================================

========== IDX Fuzzer Stats ==========
Elapsed Time             : 00h 00m 10s
Total Executions         : 8
Throughput (seeds/min)   : 47.98
Total New Edges          : 4742
Corpus Count             : 8
Last Interesting Seed @  : 1
Coverage                 : 0.0622%
Timeout Cases            : 0
Crash (pending)          : 0
Crash (new)              : 0
Crash (completed)        : 0
Crash (attachments)      : 0
======================================

========== IDX Fuzzer Stats ==========
Elapsed Time             : 00h 00m 15s
Total Executions         : 12
Throughput (seeds/min)   : 47.99
Total New Edges          : 4798
Corpus Count             : 12
Last Interesting Seed @  : 1
Coverage                 : 0.0630%
Timeout Cases            : 0
Crash (pending)          : 0
Crash (new)              : 0
Crash (completed)        : 0
Crash (attachments)      : 0
======================================

========== IDX Fuzzer Stats ==========
Elapsed Time             : 00h 00m 20s
Total Executions         : 16
Throughput (seeds/min)   : 47.99
Total New Edges          : 4802
Corpus Count             : 15
Last Interesting Seed @  : 2
Coverage                 : 0.0630%
Timeout Cases            : 0
Crash (pending)          : 0
Crash (new)              : 0
Crash (completed)        : 0
Crash (attachments)      : 0
======================================

========== IDX Fuzzer Stats ==========
Elapsed Time             : 00h 00m 05s
Total Executions         : 4
Throughput (seeds/min)   : 47.99
Total New Edges          : 4407
Corpus Count             : 4
Last Interesting Seed @  : 1
Coverage                 : 7.6197%
Timeout Cases            : 0
Crash (pending)          : 0
Crash (new)              : 0
Crash (completed)        : 0
Crash (attachments)      : 0
======================================

========== IDX Fuzzer Stats ==========
Elapsed Time             : 00h 00m 10s
Total Executions         : 8
Throughput (seeds/min)   : 47.98
Total New Edges          : 4749
Corpus Count             : 8
Last Interesting Seed @  : 1
Coverage                 : 8.2110%
Timeout Cases            : 0
Crash (pending)          : 0
Crash (new)              : 0
Crash (completed)        : 0
Crash (attachments)      : 0
======================================

========== IDX Fuzzer Stats ==========
Elapsed Time             : 00h 00m 15s
Total Executions         : 12
Throughput (seeds/min)   : 47.99
Total New Edges          : 4926
Corpus Count             : 12
Last Interesting Seed @  : 1
Coverage                 : 8.5170%
Timeout Cases            : 0
Crash (pending)          : 0
Crash (new)              : 0
Crash (completed)        : 0
Crash (attachments)      : 0
======================================

========== IDX Fuzzer Stats ==========
Elapsed Time             : 00h 00m 20s
Total Executions         : 12
Throughput (seeds/min)   : 0.00
Total New Edges          : 4926
Corpus Count             : 12
Last Interesting Seed @  : 1
Coverage                 : 8.5170%
Timeout Cases            : 0
Crash (pending)          : 0
Crash (new)              : 0
Crash (completed)        : 0
Crash (attachments)      : 0
======================================

========== IDX Fuzzer Stats ==========
Elapsed Time             : 00h 00m 25s
Total Executions         : 14
Throughput (seeds/min)   : 24.00
Total New Edges          : 4926
Corpus Count             : 12
Last Interesting Seed @  : 3
Coverage                 : 8.5170%
Timeout Cases            : 1
Crash (pending)          : 0
Crash (new)              : 0
Crash (completed)        : 0
Crash (attachments)      : 0
======================================

========== IDX Fuzzer Stats ==========
Elapsed Time             : 00h 00m 30s
Total Executions         : 18
Throughput (seeds/min)   : 47.99
Total New Edges          : 4932
Corpus Count             : 14
Last Interesting Seed @  : 1
Coverage                 : 8.5274%
Timeout Cases            : 1
Crash (pending)          : 0
Crash (new)              : 0
Crash (completed)        : 0
Crash (attachments)      : 0
======================================

========== IDX Fuzzer Stats ==========
Elapsed Time             : 00h 00m 05s
Total Executions         : 20
Throughput (seeds/min)   : 239.96
Total New Edges          : 5519
Corpus Count             : 18
Last Interesting Seed @  : 1
Coverage                 : 9.5423%
Timeout Cases            : 0
Crash (pending)          : 0
Crash (new)              : 0
Crash (completed)        : 0
Crash (attachments)      : 0
======================================

========== IDX Fuzzer Stats ==========
Elapsed Time             : 00h 00m 10s
Total Executions         : 34
Throughput (seeds/min)   : 167.97
Total New Edges          : 5532
Corpus Count             : 23
Last Interesting Seed @  : 4
Coverage                 : 9.5648%
Timeout Cases            : 0
Crash (pending)          : 0
Crash (new)              : 0
Crash (completed)        : 0
Crash (attachments)      : 0
======================================

========== IDX Fuzzer Stats ==========
Elapsed Time             : 00h 00m 15s
Total Executions         : 51
Throughput (seeds/min)   : 203.96
Total New Edges          : 5714
Corpus Count             : 30
Last Interesting Seed @  : 1
Coverage                 : 9.8795%
Timeout Cases            : 1
Crash (pending)          : 0
Crash (new)              : 0
Crash (completed)        : 0
Crash (attachments)      : 0
======================================

========== IDX Fuzzer Stats ==========
Elapsed Time             : 00h 00m 20s
Total Executions         : 67
Throughput (seeds/min)   : 191.95
Total New Edges          : 5786
Corpus Count             : 35
Last Interesting Seed @  : 5
Coverage                 : 10.0040%
Timeout Cases            : 2
Crash (pending)          : 0
Crash (new)              : 0
Crash (completed)        : 0
Crash (attachments)      : 0
======================================

========== IDX Fuzzer Stats ==========
Elapsed Time             : 00h 00m 25s
Total Executions         : 83
Throughput (seeds/min)   : 191.94
Total New Edges          : 5829
Corpus Count             : 40
Last Interesting Seed @  : 3
Coverage                 : 10.0783%
Timeout Cases            : 2
Crash (pending)          : 0
Crash (new)              : 0
Crash (completed)        : 0
Crash (attachments)      : 0
======================================

========== IDX Fuzzer Stats ==========
Elapsed Time             : 00h 00m 30s
Total Executions         : 101
Throughput (seeds/min)   : 215.95
Total New Edges          : 5838
Corpus Count             : 42
Last Interesting Seed @  : 4
Coverage                 : 10.0939%
Timeout Cases            : 2
Crash (pending)          : 0
Crash (new)              : 0
Crash (completed)        : 0
Crash (attachments)      : 0
======================================

========== IDX Fuzzer Stats ==========
Elapsed Time             : 00h 00m 35s
Total Executions         : 115
Throughput (seeds/min)   : 167.97
Total New Edges          : 5839
Corpus Count             : 43
Last Interesting Seed @  : 12
Coverage                 : 10.0956%
Timeout Cases            : 3
Crash (pending)          : 0
Crash (new)              : 0
Crash (completed)        : 0
Crash (attachments)      : 0
======================================

========== IDX Fuzzer Stats ==========
Elapsed Time             : 00h 00m 40s
Total Executions         : 133
Throughput (seeds/min)   : 215.96
Total New Edges          : 5844
Corpus Count             : 44
Last Interesting Seed @  : 10
Coverage                 : 10.1043%
Timeout Cases            : 3
Crash (pending)          : 0
Crash (new)              : 0
Crash (completed)        : 0
Crash (attachments)      : 0
======================================

========== IDX Fuzzer Stats ==========
Elapsed Time             : 00h 00m 45s
Total Executions         : 145
Throughput (seeds/min)   : 143.97
Total New Edges          : 5846
Corpus Count             : 45
Last Interesting Seed @  : 8
Coverage                 : 10.1077%
Timeout Cases            : 4
Crash (pending)          : 0
Crash (new)              : 0
Crash (completed)        : 0
Crash (attachments)      : 0
======================================

========== IDX Fuzzer Stats ==========
Elapsed Time             : 00h 00m 05s
Total Executions         : 18
Throughput (seeds/min)   : 215.28
Total New Edges          : 0
Corpus Count             : 18
Last Interesting Seed @  : 18
Coverage                 : 0.0000%
Timeout Cases            : 0
Crash (pending)          : 0
Crash (new)              : 0
Crash (completed)        : 0
Crash (attachments)      : 0
======================================

========== IDX Fuzzer Stats ==========
Elapsed Time             : 00h 00m 10s
Total Executions         : 36
Throughput (seeds/min)   : 214.02
Total New Edges          : 0
Corpus Count             : 18
Last Interesting Seed @  : 36
Coverage                 : 0.0000%
Timeout Cases            : 18
Crash (pending)          : 0
Crash (new)              : 0
Crash (completed)        : 0
Crash (attachments)      : 0
======================================

========== IDX Fuzzer Stats ==========
Elapsed Time             : 00h 00m 15s
Total Executions         : 54
Throughput (seeds/min)   : 215.97
Total New Edges          : 0
Corpus Count             : 18
Last Interesting Seed @  : 54
Coverage                 : 0.0000%
Timeout Cases            : 36
Crash (pending)          : 0
Crash (new)              : 0
Crash (completed)        : 0
Crash (attachments)      : 0
======================================

========== IDX Fuzzer Stats ==========
Elapsed Time             : 00h 00m 20s
Total Executions         : 72
Throughput (seeds/min)   : 215.91
Total New Edges          : 0
Corpus Count             : 18
Last Interesting Seed @  : 72
Coverage                 : 0.0000%
Timeout Cases            : 54
Crash (pending)          : 0
Crash (new)              : 0
Crash (completed)        : 0
Crash (attachments)      : 0
======================================

========== IDX Fuzzer Stats ==========
Elapsed Time             : 00h 00m 25s
Total Executions         : 90
Throughput (seeds/min)   : 215.98
Total New Edges          : 0
Corpus Count             : 18
Last Interesting Seed @  : 90
Coverage                 : 0.0000%
Timeout Cases            : 72
Crash (pending)          : 0
Crash (new)              : 0
Crash (completed)        : 0
Crash (attachments)      : 0
======================================

========== IDX Fuzzer Stats ==========
Elapsed Time             : 00h 00m 05s
Total Executions         : 30
Throughput (seeds/min)   : 359.96
Total New Edges          : 5751
Corpus Count             : 22
Last Interesting Seed @  : 2
Coverage                 : 9.9435%
Timeout Cases            : 0
Crash (pending)          : 0
Crash (new)              : 0
Crash (completed)        : 0
Crash (attachments)      : 0
======================================

========== IDX Fuzzer Stats ==========
Elapsed Time             : 00h 00m 10s
Total Executions         : 51
Throughput (seeds/min)   : 251.92
Total New Edges          : 5795
Corpus Count             : 27
Last Interesting Seed @  : 2
Coverage                 : 10.0195%
Timeout Cases            : 0
Crash (pending)          : 0
Crash (new)              : 0
Crash (completed)        : 0
Crash (attachments)      : 0
======================================

========== IDX Fuzzer Stats ==========
Elapsed Time             : 00h 00m 15s
Total Executions         : 74
Throughput (seeds/min)   : 275.61
Total New Edges          : 5814
Corpus Count             : 31
Last Interesting Seed @  : 5
Coverage                 : 10.0524%
Timeout Cases            : 0
Crash (pending)          : 0
Crash (new)              : 0
Crash (completed)        : 0
Crash (attachments)      : 0
======================================

========== IDX Fuzzer Stats ==========
Elapsed Time             : 00h 00m 20s
Total Executions         : 97
Throughput (seeds/min)   : 275.92
Total New Edges          : 5823
Corpus Count             : 33
Last Interesting Seed @  : 5
Coverage                 : 10.0766%
Timeout Cases            : 0
Crash (pending)          : 1
Crash (new)              : 0
Crash (completed)        : 0
Crash (attachments)      : 0
======================================

========== IDX Fuzzer Stats ==========
Elapsed Time             : 00h 00m 25s
Total Executions         : 118
Throughput (seeds/min)   : 251.87
Total New Edges          : 5823
Corpus Count             : 33
Last Interesting Seed @  : 26
Coverage                 : 10.0766%
Timeout Cases            : 0
Crash (pending)          : 1
Crash (new)              : 0
Crash (completed)        : 0
Crash (attachments)      : 0
======================================

========== IDX Fuzzer Stats ==========
Elapsed Time             : 00h 00m 30s
Total Executions         : 140
Throughput (seeds/min)   : 263.77
Total New Edges          : 5838
Corpus Count             : 36
Last Interesting Seed @  : 4
Coverage                 : 10.1025%
Timeout Cases            : 0
Crash (pending)          : 1
Crash (new)              : 0
Crash (completed)        : 0
Crash (attachments)      : 0
======================================

========== IDX Fuzzer Stats ==========
Elapsed Time             : 00h 00m 35s
Total Executions         : 164
Throughput (seeds/min)   : 287.94
Total New Edges          : 5848
Corpus Count             : 37
Last Interesting Seed @  : 2
Coverage                 : 10.1198%
Timeout Cases            : 2
Crash (pending)          : 1
Crash (new)              : 0
Crash (completed)        : 0
Crash (attachments)      : 0
======================================

========== IDX Fuzzer Stats ==========
Elapsed Time             : 00h 00m 40s
Total Executions         : 186
Throughput (seeds/min)   : 263.42
Total New Edges          : 5848
Corpus Count             : 37
Last Interesting Seed @  : 24
Coverage                 : 10.1198%
Timeout Cases            : 2
Crash (pending)          : 1
Crash (new)              : 0
Crash (completed)        : 0
Crash (attachments)      : 0
======================================

========== IDX Fuzzer Stats ==========
Elapsed Time             : 00h 00m 45s
Total Executions         : 206
Throughput (seeds/min)   : 239.97
Total New Edges          : 5849
Corpus Count             : 38
Last Interesting Seed @  : 16
Coverage                 : 10.1215%
Timeout Cases            : 2
Crash (pending)          : 1
Crash (new)              : 0
Crash (completed)        : 0
Crash (attachments)      : 0
======================================

========== IDX Fuzzer Stats ==========
Elapsed Time             : 00h 00m 50s
Total Executions         : 232
Throughput (seeds/min)   : 311.94
Total New Edges          : 5853
Corpus Count             : 39
Last Interesting Seed @  : 16
Coverage                 : 10.1285%
Timeout Cases            : 5
Crash (pending)          : 1
Crash (new)              : 0
Crash (completed)        : 0
Crash (attachments)      : 0
======================================

========== IDX Fuzzer Stats ==========
Elapsed Time             : 00h 00m 55s
Total Executions         : 253
Throughput (seeds/min)   : 251.85
Total New Edges          : 5853
Corpus Count             : 39
Last Interesting Seed @  : 37
Coverage                 : 10.1285%
Timeout Cases            : 6
Crash (pending)          : 1
Crash (new)              : 0
Crash (completed)        : 0
Crash (attachments)      : 0
======================================

========== IDX Fuzzer Stats ==========
Elapsed Time             : 00h 01m 00s
Total Executions         : 274
Throughput (seeds/min)   : 251.52
Total New Edges          : 5865
Corpus Count             : 42
Last Interesting Seed @  : 6
Coverage                 : 10.1492%
Timeout Cases            : 6
Crash (pending)          : 1
Crash (new)              : 0
Crash (completed)        : 0
Crash (attachments)      : 0
======================================

========== IDX Fuzzer Stats ==========
Elapsed Time             : 00h 01m 05s
Total Executions         : 298
Throughput (seeds/min)   : 287.87
Total New Edges          : 5865
Corpus Count             : 42
Last Interesting Seed @  : 30
Coverage                 : 10.1492%
Timeout Cases            : 7
Crash (pending)          : 1
Crash (new)              : 0
Crash (completed)        : 0
Crash (attachments)      : 0
======================================

========== IDX Fuzzer Stats ==========
Elapsed Time             : 00h 01m 10s
Total Executions         : 321
Throughput (seeds/min)   : 275.97
Total New Edges          : 5868
Corpus Count             : 43
Last Interesting Seed @  : 19
Coverage                 : 10.1544%
Timeout Cases            : 7
Crash (pending)          : 1
Crash (new)              : 0
Crash (completed)        : 0
Crash (attachments)      : 0
======================================

========== IDX Fuzzer Stats ==========
Elapsed Time             : 00h 01m 15s
Total Executions         : 344
Throughput (seeds/min)   : 275.96
Total New Edges          : 5873
Corpus Count             : 46
Last Interesting Seed @  : 9
Coverage                 : 10.1630%
Timeout Cases            : 7
Crash (pending)          : 1
Crash (new)              : 0
Crash (completed)        : 0
Crash (attachments)      : 0
======================================

========== IDX Fuzzer Stats ==========
Elapsed Time             : 00h 01m 20s
Total Executions         : 367
Throughput (seeds/min)   : 275.81
Total New Edges          : 5875
Corpus Count             : 47
Last Interesting Seed @  : 19
Coverage                 : 10.1665%
Timeout Cases            : 8
Crash (pending)          : 1
Crash (new)              : 0
Crash (completed)        : 0
Crash (attachments)      : 0
======================================

========== IDX Fuzzer Stats ==========
Elapsed Time             : 00h 01m 25s
Total Executions         : 390
Throughput (seeds/min)   : 275.54
Total New Edges          : 5876
Corpus Count             : 48
Last Interesting Seed @  : 2
Coverage                 : 10.1682%
Timeout Cases            : 9
Crash (pending)          : 1
Crash (new)              : 0
Crash (completed)        : 0
Crash (attachments)      : 0
======================================

========== IDX Fuzzer Stats ==========
Elapsed Time             : 00h 01m 30s
Total Executions         : 412
Throughput (seeds/min)   : 263.91
Total New Edges          : 6149
Corpus Count             : 52
Last Interesting Seed @  : 3
Coverage                 : 10.6402%
Timeout Cases            : 9
Crash (pending)          : 1
Crash (new)              : 0
Crash (completed)        : 0
Crash (attachments)      : 0
======================================

========== IDX Fuzzer Stats ==========
Elapsed Time             : 00h 01m 35s
Total Executions         : 435
Throughput (seeds/min)   : 275.83
Total New Edges          : 6149
Corpus Count             : 52
Last Interesting Seed @  : 26
Coverage                 : 10.6402%
Timeout Cases            : 9
Crash (pending)          : 1
Crash (new)              : 0
Crash (completed)        : 0
Crash (attachments)      : 0
======================================

========== IDX Fuzzer Stats ==========
Elapsed Time             : 00h 01m 40s
Total Executions         : 458
Throughput (seeds/min)   : 275.93
Total New Edges          : 6149
Corpus Count             : 52
Last Interesting Seed @  : 49
Coverage                 : 10.6402%
Timeout Cases            : 10
Crash (pending)          : 1
Crash (new)              : 0
Crash (completed)        : 0
Crash (attachments)      : 0
======================================

========== IDX Fuzzer Stats ==========
Elapsed Time             : 00h 01m 45s
Total Executions         : 480
Throughput (seeds/min)   : 263.81
Total New Edges          : 6149
Corpus Count             : 52
Last Interesting Seed @  : 71
Coverage                 : 10.6402%
Timeout Cases            : 10
Crash (pending)          : 1
Crash (new)              : 0
Crash (completed)        : 0
Crash (attachments)      : 0
======================================

========== IDX Fuzzer Stats ==========
Elapsed Time             : 00h 01m 50s
Total Executions         : 503
Throughput (seeds/min)   : 275.85
Total New Edges          : 6151
Corpus Count             : 53
Last Interesting Seed @  : 16
Coverage                 : 10.6437%
Timeout Cases            : 12
Crash (pending)          : 1
Crash (new)              : 0
Crash (completed)        : 0
Crash (attachments)      : 0
======================================

========== IDX Fuzzer Stats ==========
Elapsed Time             : 00h 01m 55s
Total Executions         : 524
Throughput (seeds/min)   : 251.80
Total New Edges          : 6151
Corpus Count             : 53
Last Interesting Seed @  : 37
Coverage                 : 10.6437%
Timeout Cases            : 15
Crash (pending)          : 1
Crash (new)              : 0
Crash (completed)        : 0
Crash (attachments)      : 0
======================================

========== IDX Fuzzer Stats ==========
Elapsed Time             : 00h 02m 00s
Total Executions         : 545
Throughput (seeds/min)   : 251.95
Total New Edges          : 6156
Corpus Count             : 54
Last Interesting Seed @  : 21
Coverage                 : 10.6524%
Timeout Cases            : 15
Crash (pending)          : 1
Crash (new)              : 0
Crash (completed)        : 0
Crash (attachments)      : 0
======================================

========== IDX Fuzzer Stats ==========
Elapsed Time             : 00h 02m 05s
Total Executions         : 568
Throughput (seeds/min)   : 275.93
Total New Edges          : 6157
Corpus Count             : 55
Last Interesting Seed @  : 2
Coverage                 : 10.6541%
Timeout Cases            : 15
Crash (pending)          : 1
Crash (new)              : 0
Crash (completed)        : 0
Crash (attachments)      : 0
======================================

========== IDX Fuzzer Stats ==========
Elapsed Time             : 00h 02m 10s
Total Executions         : 592
Throughput (seeds/min)   : 287.92
Total New Edges          : 6157
Corpus Count             : 55
Last Interesting Seed @  : 26
Coverage                 : 10.6541%
Timeout Cases            : 16
Crash (pending)          : 1
Crash (new)              : 0
Crash (completed)        : 0
Crash (attachments)      : 0
======================================

========== IDX Fuzzer Stats ==========
Elapsed Time             : 00h 02m 15s
Total Executions         : 614
Throughput (seeds/min)   : 263.69
Total New Edges          : 6159
Corpus Count             : 56
Last Interesting Seed @  : 6
Coverage                 : 10.6575%
Timeout Cases            : 16
Crash (pending)          : 1
Crash (new)              : 0
Crash (completed)        : 0
Crash (attachments)      : 0
======================================

========== IDX Fuzzer Stats ==========
Elapsed Time             : 00h 02m 20s
Total Executions         : 635
Throughput (seeds/min)   : 251.82
Total New Edges          : 6159
Corpus Count             : 56
Last Interesting Seed @  : 27
Coverage                 : 10.6575%
Timeout Cases            : 17
Crash (pending)          : 1
Crash (new)              : 0
Crash (completed)        : 0
Crash (attachments)      : 0
======================================

========== IDX Fuzzer Stats ==========
Elapsed Time             : 00h 02m 25s
Total Executions         : 658
Throughput (seeds/min)   : 275.74
Total New Edges          : 6160
Corpus Count             : 57
Last Interesting Seed @  : 23
Coverage                 : 10.6593%
Timeout Cases            : 18
Crash (pending)          : 1
Crash (new)              : 0
Crash (completed)        : 0
Crash (attachments)      : 0
======================================

========== IDX Fuzzer Stats ==========
Elapsed Time             : 00h 02m 30s
Total Executions         : 679
Throughput (seeds/min)   : 251.97
Total New Edges          : 6160
Corpus Count             : 57
Last Interesting Seed @  : 44
Coverage                 : 10.6593%
Timeout Cases            : 18
Crash (pending)          : 1
Crash (new)              : 0
Crash (completed)        : 0
Crash (attachments)      : 0
======================================

========== IDX Fuzzer Stats ==========
Elapsed Time             : 00h 02m 35s
Total Executions         : 699
Throughput (seeds/min)   : 239.91
Total New Edges          : 6160
Corpus Count             : 57
Last Interesting Seed @  : 64
Coverage                 : 10.6593%
Timeout Cases            : 19
Crash (pending)          : 1
Crash (new)              : 0
Crash (completed)        : 0
Crash (attachments)      : 0
======================================

========== IDX Fuzzer Stats ==========
Elapsed Time             : 00h 02m 40s
Total Executions         : 722
Throughput (seeds/min)   : 275.01
Total New Edges          : 6160
Corpus Count             : 57
Last Interesting Seed @  : 87
Coverage                 : 10.6593%
Timeout Cases            : 21
Crash (pending)          : 1
Crash (new)              : 0
Crash (completed)        : 0
Crash (attachments)      : 0
======================================

========== IDX Fuzzer Stats ==========
Elapsed Time             : 00h 02m 45s
Total Executions         : 744
Throughput (seeds/min)   : 262.67
Total New Edges          : 6161
Corpus Count             : 58
Last Interesting Seed @  : 15
Coverage                 : 10.6610%
Timeout Cases            : 22
Crash (pending)          : 1
Crash (new)              : 0
Crash (completed)        : 0
Crash (attachments)      : 0
======================================

========== IDX Fuzzer Stats ==========
Elapsed Time             : 00h 02m 50s
Total Executions         : 766
Throughput (seeds/min)   : 263.38
Total New Edges          : 6162
Corpus Count             : 59
Last Interesting Seed @  : 8
Coverage                 : 10.6627%
Timeout Cases            : 23
Crash (pending)          : 1
Crash (new)              : 0
Crash (completed)        : 0
Crash (attachments)      : 0
======================================

========== IDX Fuzzer Stats ==========
Elapsed Time             : 00h 02m 55s
Total Executions         : 789
Throughput (seeds/min)   : 275.95
Total New Edges          : 6162
Corpus Count             : 59
Last Interesting Seed @  : 31
Coverage                 : 10.6627%
Timeout Cases            : 24
Crash (pending)          : 1
Crash (new)              : 0
Crash (completed)        : 0
Crash (attachments)      : 0
======================================

========== IDX Fuzzer Stats ==========
Elapsed Time             : 00h 03m 00s
Total Executions         : 811
Throughput (seeds/min)   : 263.75
Total New Edges          : 6162
Corpus Count             : 59
Last Interesting Seed @  : 53
Coverage                 : 10.6627%
Timeout Cases            : 25
Crash (pending)          : 1
Crash (new)              : 0
Crash (completed)        : 0
Crash (attachments)      : 0
======================================

========== IDX Fuzzer Stats ==========
Elapsed Time             : 00h 03m 05s
Total Executions         : 831
Throughput (seeds/min)   : 239.97
Total New Edges          : 6165
Corpus Count             : 60
Last Interesting Seed @  : 10
Coverage                 : 10.6679%
Timeout Cases            : 25
Crash (pending)          : 1
Crash (new)              : 0
Crash (completed)        : 0
Crash (attachments)      : 0
======================================

========== IDX Fuzzer Stats ==========
Elapsed Time             : 00h 03m 10s
Total Executions         : 853
Throughput (seeds/min)   : 263.95
Total New Edges          : 6166
Corpus Count             : 61
Last Interesting Seed @  : 14
Coverage                 : 10.6696%
Timeout Cases            : 26
Crash (pending)          : 1
Crash (new)              : 0
Crash (completed)        : 0
Crash (attachments)      : 0
======================================

========== IDX Fuzzer Stats ==========
Elapsed Time             : 00h 03m 15s
Total Executions         : 874
Throughput (seeds/min)   : 251.95
Total New Edges          : 6166
Corpus Count             : 61
Last Interesting Seed @  : 35
Coverage                 : 10.6696%
Timeout Cases            : 27
Crash (pending)          : 1
Crash (new)              : 0
Crash (completed)        : 0
Crash (attachments)      : 0
======================================

========== IDX Fuzzer Stats ==========
Elapsed Time             : 00h 03m 20s
Total Executions         : 897
Throughput (seeds/min)   : 275.71
Total New Edges          : 6166
Corpus Count             : 61
Last Interesting Seed @  : 58
Coverage                 : 10.6696%
Timeout Cases            : 28
Crash (pending)          : 1
Crash (new)              : 0
Crash (completed)        : 0
Crash (attachments)      : 0
======================================

========== IDX Fuzzer Stats ==========
Elapsed Time             : 00h 03m 25s
Total Executions         : 921
Throughput (seeds/min)   : 287.94
Total New Edges          : 6166
Corpus Count             : 61
Last Interesting Seed @  : 82
Coverage                 : 10.6696%
Timeout Cases            : 28
Crash (pending)          : 1
Crash (new)              : 0
Crash (completed)        : 0
Crash (attachments)      : 0
======================================

========== IDX Fuzzer Stats ==========
Elapsed Time             : 00h 03m 30s
Total Executions         : 942
Throughput (seeds/min)   : 251.64
Total New Edges          : 6166
Corpus Count             : 61
Last Interesting Seed @  : 103
Coverage                 : 10.6696%
Timeout Cases            : 29
Crash (pending)          : 1
Crash (new)              : 0
Crash (completed)        : 0
Crash (attachments)      : 0
======================================

========== IDX Fuzzer Stats ==========
Elapsed Time             : 00h 03m 35s
Total Executions         : 963
Throughput (seeds/min)   : 251.67
Total New Edges          : 6167
Corpus Count             : 62
Last Interesting Seed @  : 10
Coverage                 : 10.6714%
Timeout Cases            : 30
Crash (pending)          : 1
Crash (new)              : 0
Crash (completed)        : 0
Crash (attachments)      : 0
======================================

========== IDX Fuzzer Stats ==========
Elapsed Time             : 00h 03m 40s
Total Executions         : 984
Throughput (seeds/min)   : 251.94
Total New Edges          : 6167
Corpus Count             : 62
Last Interesting Seed @  : 31
Coverage                 : 10.6714%
Timeout Cases            : 31
Crash (pending)          : 1
Crash (new)              : 0
Crash (completed)        : 0
Crash (attachments)      : 0
======================================

========== IDX Fuzzer Stats ==========
Elapsed Time             : 00h 03m 45s
Total Executions         : 1008
Throughput (seeds/min)   : 287.26
Total New Edges          : 6167
Corpus Count             : 62
Last Interesting Seed @  : 55
Coverage                 : 10.6714%
Timeout Cases            : 33
Crash (pending)          : 1
Crash (new)              : 0
Crash (completed)        : 0
Crash (attachments)      : 0
======================================

========== IDX Fuzzer Stats ==========
Elapsed Time             : 00h 03m 50s
Total Executions         : 1030
Throughput (seeds/min)   : 263.95
Total New Edges          : 6167
Corpus Count             : 62
Last Interesting Seed @  : 77
Coverage                 : 10.6714%
Timeout Cases            : 33
Crash (pending)          : 1
Crash (new)              : 0
Crash (completed)        : 0
Crash (attachments)      : 0
======================================

========== IDX Fuzzer Stats ==========
Elapsed Time             : 00h 03m 55s
Total Executions         : 1050
Throughput (seeds/min)   : 239.93
Total New Edges          : 6167
Corpus Count             : 62
Last Interesting Seed @  : 97
Coverage                 : 10.6714%
Timeout Cases            : 33
Crash (pending)          : 1
Crash (new)              : 0
Crash (completed)        : 0
Crash (attachments)      : 0
======================================

========== IDX Fuzzer Stats ==========
Elapsed Time             : 00h 04m 00s
Total Executions         : 1072
Throughput (seeds/min)   : 263.95
Total New Edges          : 6167
Corpus Count             : 62
Last Interesting Seed @  : 119
Coverage                 : 10.6714%
Timeout Cases            : 34
Crash (pending)          : 1
Crash (new)              : 0
Crash (completed)        : 0
Crash (attachments)      : 0
======================================

========== IDX Fuzzer Stats ==========
Elapsed Time             : 00h 04m 05s
Total Executions         : 1095
Throughput (seeds/min)   : 275.84
Total New Edges          : 6168
Corpus Count             : 63
Last Interesting Seed @  : 17
Coverage                 : 10.6731%
Timeout Cases            : 35
Crash (pending)          : 1
Crash (new)              : 0
Crash (completed)        : 0
Crash (attachments)      : 0
======================================

========== IDX Fuzzer Stats ==========
Elapsed Time             : 00h 04m 10s
Total Executions         : 1117
Throughput (seeds/min)   : 263.90
Total New Edges          : 6168
Corpus Count             : 63
Last Interesting Seed @  : 39
Coverage                 : 10.6731%
Timeout Cases            : 36
Crash (pending)          : 1
Crash (new)              : 0
Crash (completed)        : 0
Crash (attachments)      : 0
======================================

========== IDX Fuzzer Stats ==========
Elapsed Time             : 00h 04m 15s
Total Executions         : 1138
Throughput (seeds/min)   : 251.94
Total New Edges          : 6168
Corpus Count             : 63
Last Interesting Seed @  : 60
Coverage                 : 10.6731%
Timeout Cases            : 36
Crash (pending)          : 1
Crash (new)              : 0
Crash (completed)        : 0
Crash (attachments)      : 0
======================================

========== IDX Fuzzer Stats ==========
Elapsed Time             : 00h 04m 20s
Total Executions         : 1158
Throughput (seeds/min)   : 239.98
Total New Edges          : 6170
Corpus Count             : 64
Last Interesting Seed @  : 11
Coverage                 : 10.6766%
Timeout Cases            : 36
Crash (pending)          : 1
Crash (new)              : 0
Crash (completed)        : 0
Crash (attachments)      : 0
======================================

========== IDX Fuzzer Stats ==========
Elapsed Time             : 00h 04m 25s
Total Executions         : 1182
Throughput (seeds/min)   : 287.56
Total New Edges          : 6170
Corpus Count             : 64
Last Interesting Seed @  : 35
Coverage                 : 10.6766%
Timeout Cases            : 37
Crash (pending)          : 1
Crash (new)              : 0
Crash (completed)        : 0
Crash (attachments)      : 0
======================================

========== IDX Fuzzer Stats ==========
Elapsed Time             : 00h 04m 30s
Total Executions         : 1203
Throughput (seeds/min)   : 251.86
Total New Edges          : 6170
Corpus Count             : 64
Last Interesting Seed @  : 56
Coverage                 : 10.6766%
Timeout Cases            : 38
Crash (pending)          : 1
Crash (new)              : 0
Crash (completed)        : 0
Crash (attachments)      : 0
======================================

========== IDX Fuzzer Stats ==========
Elapsed Time             : 00h 04m 35s
Total Executions         : 1228
Throughput (seeds/min)   : 299.93
Total New Edges          : 6170
Corpus Count             : 64
Last Interesting Seed @  : 81
Coverage                 : 10.6766%
Timeout Cases            : 40
Crash (pending)          : 1
Crash (new)              : 0
Crash (completed)        : 0
Crash (attachments)      : 0
======================================

========== IDX Fuzzer Stats ==========
Elapsed Time             : 00h 04m 40s
Total Executions         : 1249
Throughput (seeds/min)   : 251.48
Total New Edges          : 6170
Corpus Count             : 64
Last Interesting Seed @  : 102
Coverage                 : 10.6766%
Timeout Cases            : 40
Crash (pending)          : 1
Crash (new)              : 0
Crash (completed)        : 0
Crash (attachments)      : 0
======================================

========== IDX Fuzzer Stats ==========
Elapsed Time             : 00h 04m 45s
Total Executions         : 1270
Throughput (seeds/min)   : 251.93
Total New Edges          : 6170
Corpus Count             : 64
Last Interesting Seed @  : 123
Coverage                 : 10.6766%
Timeout Cases            : 40
Crash (pending)          : 1
Crash (new)              : 0
Crash (completed)        : 0
Crash (attachments)      : 0
======================================

========== IDX Fuzzer Stats ==========
Elapsed Time             : 00h 04m 50s
Total Executions         : 1293
Throughput (seeds/min)   : 275.93
Total New Edges          : 6170
Corpus Count             : 64
Last Interesting Seed @  : 146
Coverage                 : 10.6766%
Timeout Cases            : 40
Crash (pending)          : 1
Crash (new)              : 0
Crash (completed)        : 0
Crash (attachments)      : 0
======================================

========== IDX Fuzzer Stats ==========
Elapsed Time             : 00h 04m 55s
Total Executions         : 1316
Throughput (seeds/min)   : 275.97
Total New Edges          : 6170
Corpus Count             : 64
Last Interesting Seed @  : 169
Coverage                 : 10.6766%
Timeout Cases            : 41
Crash (pending)          : 1
Crash (new)              : 0
Crash (completed)        : 0
Crash (attachments)      : 0
======================================

========== IDX Fuzzer Stats ==========
Elapsed Time             : 00h 05m 00s
Total Executions         : 1338
Throughput (seeds/min)   : 263.96
Total New Edges          : 6170
Corpus Count             : 64
Last Interesting Seed @  : 191
Coverage                 : 10.6766%
Timeout Cases            : 41
Crash (pending)          : 1
Crash (new)              : 0
Crash (completed)        : 0
Crash (attachments)      : 0
======================================

========== IDX Fuzzer Stats ==========
Elapsed Time             : 00h 05m 05s
Total Executions         : 1361
Throughput (seeds/min)   : 275.92
Total New Edges          : 6170
Corpus Count             : 64
Last Interesting Seed @  : 214
Coverage                 : 10.6766%
Timeout Cases            : 43
Crash (pending)          : 1
Crash (new)              : 0
Crash (completed)        : 0
Crash (attachments)      : 0
======================================

========== IDX Fuzzer Stats ==========
Elapsed Time             : 00h 05m 10s
Total Executions         : 1383
Throughput (seeds/min)   : 263.93
Total New Edges          : 6170
Corpus Count             : 64
Last Interesting Seed @  : 236
Coverage                 : 10.6766%
Timeout Cases            : 43
Crash (pending)          : 1
Crash (new)              : 0
Crash (completed)        : 0
Crash (attachments)      : 0
======================================

========== IDX Fuzzer Stats ==========
Elapsed Time             : 00h 05m 15s
Total Executions         : 1406
Throughput (seeds/min)   : 275.76
Total New Edges          : 6170
Corpus Count             : 64
Last Interesting Seed @  : 259
Coverage                 : 10.6766%
Timeout Cases            : 44
Crash (pending)          : 1
Crash (new)              : 0
Crash (completed)        : 0
Crash (attachments)      : 0
======================================

========== IDX Fuzzer Stats ==========
Elapsed Time             : 00h 05m 20s
Total Executions         : 1427
Throughput (seeds/min)   : 251.97
Total New Edges          : 6170
Corpus Count             : 64
Last Interesting Seed @  : 280
Coverage                 : 10.6766%
Timeout Cases            : 45
Crash (pending)          : 1
Crash (new)              : 0
Crash (completed)        : 0
Crash (attachments)      : 0
======================================

========== IDX Fuzzer Stats ==========
Elapsed Time             : 00h 05m 25s
Total Executions         : 1448
Throughput (seeds/min)   : 251.85
Total New Edges          : 6171
Corpus Count             : 65
Last Interesting Seed @  : 6
Coverage                 : 10.6783%
Timeout Cases            : 45
Crash (pending)          : 1
Crash (new)              : 0
Crash (completed)        : 0
Crash (attachments)      : 0
======================================

========== IDX Fuzzer Stats ==========
Elapsed Time             : 00h 05m 30s
Total Executions         : 1470
Throughput (seeds/min)   : 263.67
Total New Edges          : 6171
Corpus Count             : 65
Last Interesting Seed @  : 28
Coverage                 : 10.6783%
Timeout Cases            : 46
Crash (pending)          : 1
Crash (new)              : 0
Crash (completed)        : 0
Crash (attachments)      : 0
======================================

========== IDX Fuzzer Stats ==========
Elapsed Time             : 00h 05m 35s
Total Executions         : 1491
Throughput (seeds/min)   : 251.89
Total New Edges          : 6171
Corpus Count             : 64
Last Interesting Seed @  : 49
Coverage                 : 10.6783%
Timeout Cases            : 48
Crash (pending)          : 1
Crash (new)              : 0
Crash (completed)        : 0
Crash (attachments)      : 0
======================================

========== IDX Fuzzer Stats ==========
Elapsed Time             : 00h 05m 40s
Total Executions         : 1516
Throughput (seeds/min)   : 299.84
Total New Edges          : 6171
Corpus Count             : 65
Last Interesting Seed @  : 74
Coverage                 : 10.6783%
Timeout Cases            : 50
Crash (pending)          : 1
Crash (new)              : 0
Crash (completed)        : 0
Crash (attachments)      : 0
======================================

========== IDX Fuzzer Stats ==========
Elapsed Time             : 00h 05m 45s
Total Executions         : 1537
Throughput (seeds/min)   : 251.91
Total New Edges          : 6171
Corpus Count             : 65
Last Interesting Seed @  : 95
Coverage                 : 10.6783%
Timeout Cases            : 50
Crash (pending)          : 2
Crash (new)              : 0
Crash (completed)        : 0
Crash (attachments)      : 0
======================================

========== IDX Fuzzer Stats ==========
Elapsed Time             : 00h 05m 50s
Total Executions         : 1559
Throughput (seeds/min)   : 263.66
Total New Edges          : 6171
Corpus Count             : 65
Last Interesting Seed @  : 117
Coverage                 : 10.6783%
Timeout Cases            : 51
Crash (pending)          : 2
Crash (new)              : 0
Crash (completed)        : 0
Crash (attachments)      : 0
======================================

========== IDX Fuzzer Stats ==========
Elapsed Time             : 00h 05m 55s
Total Executions         : 1583
Throughput (seeds/min)   : 287.87
Total New Edges          : 6172
Corpus Count             : 66
Last Interesting Seed @  : 15
Coverage                 : 10.6800%
Timeout Cases            : 51
Crash (pending)          : 2
Crash (new)              : 0
Crash (completed)        : 0
Crash (attachments)      : 0
======================================

========== IDX Fuzzer Stats ==========
Elapsed Time             : 00h 06m 00s
Total Executions         : 1603
Throughput (seeds/min)   : 239.90
Total New Edges          : 6172
Corpus Count             : 66
Last Interesting Seed @  : 35
Coverage                 : 10.6800%
Timeout Cases            : 51
Crash (pending)          : 2
Crash (new)              : 0
Crash (completed)        : 0
Crash (attachments)      : 0
======================================

========== IDX Fuzzer Stats ==========
Elapsed Time             : 00h 06m 05s
Total Executions         : 1627
Throughput (seeds/min)   : 287.31
Total New Edges          : 6172
Corpus Count             : 66
Last Interesting Seed @  : 59
Coverage                 : 10.6800%
Timeout Cases            : 53
Crash (pending)          : 2
Crash (new)              : 0
Crash (completed)        : 0
Crash (attachments)      : 0
======================================

========== IDX Fuzzer Stats ==========
Elapsed Time             : 00h 06m 10s
Total Executions         : 1648
Throughput (seeds/min)   : 251.75
Total New Edges          : 6172
Corpus Count             : 66
Last Interesting Seed @  : 80
Coverage                 : 10.6800%
Timeout Cases            : 54
Crash (pending)          : 2
Crash (new)              : 0
Crash (completed)        : 0
Crash (attachments)      : 0
======================================

========== IDX Fuzzer Stats ==========
Elapsed Time             : 00h 06m 15s
Total Executions         : 1670
Throughput (seeds/min)   : 263.95
Total New Edges          : 6172
Corpus Count             : 66
Last Interesting Seed @  : 102
Coverage                 : 10.6800%
Timeout Cases            : 56
Crash (pending)          : 2
Crash (new)              : 0
Crash (completed)        : 0
Crash (attachments)      : 0
======================================

========== IDX Fuzzer Stats ==========
Elapsed Time             : 00h 06m 20s
Total Executions         : 1694
Throughput (seeds/min)   : 287.96
Total New Edges          : 6172
Corpus Count             : 66
Last Interesting Seed @  : 126
Coverage                 : 10.6800%
Timeout Cases            : 57
Crash (pending)          : 2
Crash (new)              : 0
Crash (completed)        : 0
Crash (attachments)      : 0
======================================

========== IDX Fuzzer Stats ==========
Elapsed Time             : 00h 06m 25s
Total Executions         : 1714
Throughput (seeds/min)   : 239.94
Total New Edges          : 6172
Corpus Count             : 66
Last Interesting Seed @  : 146
Coverage                 : 10.6800%
Timeout Cases            : 57
Crash (pending)          : 2
Crash (new)              : 0
Crash (completed)        : 0
Crash (attachments)      : 0
======================================

========== IDX Fuzzer Stats ==========
Elapsed Time             : 00h 06m 30s
Total Executions         : 1737
Throughput (seeds/min)   : 275.95
Total New Edges          : 6172
Corpus Count             : 66
Last Interesting Seed @  : 169
Coverage                 : 10.6800%
Timeout Cases            : 59
Crash (pending)          : 2
Crash (new)              : 0
Crash (completed)        : 0
Crash (attachments)      : 0
======================================

========== IDX Fuzzer Stats ==========
Elapsed Time             : 00h 06m 35s
Total Executions         : 1759
Throughput (seeds/min)   : 263.96
Total New Edges          : 6172
Corpus Count             : 66
Last Interesting Seed @  : 191
Coverage                 : 10.6800%
Timeout Cases            : 59
Crash (pending)          : 2
Crash (new)              : 0
Crash (completed)        : 0
Crash (attachments)      : 0
======================================

========== IDX Fuzzer Stats ==========
Elapsed Time             : 00h 06m 40s
Total Executions         : 1782
Throughput (seeds/min)   : 275.88
Total New Edges          : 6172
Corpus Count             : 66
Last Interesting Seed @  : 214
Coverage                 : 10.6800%
Timeout Cases            : 60
Crash (pending)          : 2
Crash (new)              : 0
Crash (completed)        : 0
Crash (attachments)      : 0
======================================

========== IDX Fuzzer Stats ==========
Elapsed Time             : 00h 06m 45s
Total Executions         : 1803
Throughput (seeds/min)   : 251.19
Total New Edges          : 6172
Corpus Count             : 66
Last Interesting Seed @  : 235
Coverage                 : 10.6800%
Timeout Cases            : 62
Crash (pending)          : 2
Crash (new)              : 0
Crash (completed)        : 0
Crash (attachments)      : 0
======================================

========== IDX Fuzzer Stats ==========
Elapsed Time             : 00h 06m 50s
Total Executions         : 1826
Throughput (seeds/min)   : 275.83
Total New Edges          : 6172
Corpus Count             : 66
Last Interesting Seed @  : 258
Coverage                 : 10.6800%
Timeout Cases            : 63
Crash (pending)          : 2
Crash (new)              : 0
Crash (completed)        : 0
Crash (attachments)      : 0
======================================

========== IDX Fuzzer Stats ==========
Elapsed Time             : 00h 06m 55s
Total Executions         : 1847
Throughput (seeds/min)   : 251.84
Total New Edges          : 6172
Corpus Count             : 66
Last Interesting Seed @  : 279
Coverage                 : 10.6800%
Timeout Cases            : 63
Crash (pending)          : 2
Crash (new)              : 0
Crash (completed)        : 0
Crash (attachments)      : 0
======================================

========== IDX Fuzzer Stats ==========
Elapsed Time             : 00h 07m 00s
Total Executions         : 1870
Throughput (seeds/min)   : 275.96
Total New Edges          : 6172
Corpus Count             : 66
Last Interesting Seed @  : 302
Coverage                 : 10.6800%
Timeout Cases            : 64
Crash (pending)          : 2
Crash (new)              : 0
Crash (completed)        : 0
Crash (attachments)      : 0
======================================

========== IDX Fuzzer Stats ==========
Elapsed Time             : 00h 07m 05s
Total Executions         : 1892
Throughput (seeds/min)   : 263.95
Total New Edges          : 6172
Corpus Count             : 66
Last Interesting Seed @  : 324
Coverage                 : 10.6800%
Timeout Cases            : 64
Crash (pending)          : 2
Crash (new)              : 0
Crash (completed)        : 0
Crash (attachments)      : 0
======================================

========== IDX Fuzzer Stats ==========
Elapsed Time             : 00h 07m 10s
Total Executions         : 1913
Throughput (seeds/min)   : 251.92
Total New Edges          : 6172
Corpus Count             : 66
Last Interesting Seed @  : 345
Coverage                 : 10.6800%
Timeout Cases            : 65
Crash (pending)          : 2
Crash (new)              : 0
Crash (completed)        : 0
Crash (attachments)      : 0
======================================

========== IDX Fuzzer Stats ==========
Elapsed Time             : 00h 07m 15s
Total Executions         : 1937
Throughput (seeds/min)   : 287.63
Total New Edges          : 6184
Corpus Count             : 67
Last Interesting Seed @  : 23
Coverage                 : 10.7008%
Timeout Cases            : 65
Crash (pending)          : 2
Crash (new)              : 0
Crash (completed)        : 0
Crash (attachments)      : 0
======================================

========== IDX Fuzzer Stats ==========
Elapsed Time             : 00h 07m 20s
Total Executions         : 1957
Throughput (seeds/min)   : 239.85
Total New Edges          : 6184
Corpus Count             : 67
Last Interesting Seed @  : 43
Coverage                 : 10.7008%
Timeout Cases            : 65
Crash (pending)          : 2
Crash (new)              : 0
Crash (completed)        : 0
Crash (attachments)      : 0
======================================

========== IDX Fuzzer Stats ==========
Elapsed Time             : 00h 07m 25s
Total Executions         : 1980
Throughput (seeds/min)   : 275.82
Total New Edges          : 6184
Corpus Count             : 67
Last Interesting Seed @  : 66
Coverage                 : 10.7008%
Timeout Cases            : 66
Crash (pending)          : 2
Crash (new)              : 0
Crash (completed)        : 0
Crash (attachments)      : 0
======================================

========== IDX Fuzzer Stats ==========
Elapsed Time             : 00h 07m 30s
Total Executions         : 2001
Throughput (seeds/min)   : 251.93
Total New Edges          : 6184
Corpus Count             : 67
Last Interesting Seed @  : 87
Coverage                 : 10.7008%
Timeout Cases            : 66
Crash (pending)          : 2
Crash (new)              : 0
Crash (completed)        : 0
Crash (attachments)      : 0
======================================

========== IDX Fuzzer Stats ==========
Elapsed Time             : 00h 07m 35s
Total Executions         : 2022
Throughput (seeds/min)   : 251.95
Total New Edges          : 6184
Corpus Count             : 67
Last Interesting Seed @  : 108
Coverage                 : 10.7008%
Timeout Cases            : 67
Crash (pending)          : 3
Crash (new)   