[SanCov] ✔ [broswer_indexeddb] Initialized in pid 215798, 57785 edges
[215798:215898:1026/152407.704813:ERROR:net/disk_cache/simple/simple_file_enumerator.cc:21] opendir /timer/index/result/corpus/57a12a9a13dd/chrome-tmp/Code Cache/js: No such file or directory (2)
[215798:215898:1026/152407.708466:ERROR:net/disk_cache/simple/simple_index_file.cc:621] Could not reconstruct index from disk
[215798:215798:1026/152407.723439:ERROR:components/leveldb_proto/public/proto_database_provider.h:101] In memory database cannot use the given database directory

DevTools listening on ws://127.0.0.1:36879/devtools/browser/b9e0eeb8-8e5c-47e7-a887-f45295a0a589
[215798:215798:1026/152407.782422:ERROR:ui/ozone/platform/headless/headless_window.cc:154] Not implemented reached in virtual bool ui::HeadlessWindow::ShouldUseNativeFrame() const
[SanCov] ✔ [broswer_indexeddb] Initialized in pid 215904, 57785 edges
[SanCov] ✔ [broswer_indexeddb] Initialized in pid 215923, 57785 edges
[SanCov] ✔ [broswer_indexeddb] Initialized in pid 215932, 57785 edges
[215904:215904:1026/152408.818696:ERROR:media/gpu/vaapi/vaapi_wrapper.cc:1628] vaInitialize failed: unknown libva error
[SanCov] ✔ [broswer_indexeddb] Initialized in pid 216020, 57785 edges
[215798:215798:1026/152409.448499:INFO:CONSOLE:15] "FUZZ_BEGIN", source: file:///timer/index/result/corpus/57a12a9a13dd/57a12a9a13dd.html (15)
[215798:215879:1026/152409.532654:WARNING:content/browser/indexed_db/file_path_util.cc:107] GetMaximumPathComponentLength returned -1 for /timer/index/result/corpus/57a12a9a13dd/chrome-tmp/IndexedDB/file__0.indexeddb.leveldb: No such file or directory (2)
[215798:215798:1026/152409.610276:INFO:CONSOLE:20] "db onupgraded trigered", source: file:///timer/index/result/corpus/57a12a9a13dd/57a12a9a13dd.html (20)
[215798:215798:1026/152409.745411:INFO:CONSOLE:78] "db onsuccess triggered", source: file:///timer/index/result/corpus/57a12a9a13dd/57a12a9a13dd.html (78)
[215798:215798:1026/152409.795265:INFO:CONSOLE:129] "Transaction completed successfully", source: file:///timer/index/result/corpus/57a12a9a13dd/57a12a9a13dd.html (129)
[215798:215798:1026/152409.808519:INFO:CONSOLE:150] "Transaction completed successfully", source: file:///timer/index/result/corpus/57a12a9a13dd/57a12a9a13dd.html (150)
[215798:215798:1026/152409.808793:INFO:CONSOLE:225] "Transaction completed successfully", source: file:///timer/index/result/corpus/57a12a9a13dd/57a12a9a13dd.html (225)
[215798:215798:1026/152409.809014:INFO:CONSOLE:139] "Transaction completed successfully", source: file:///timer/index/result/corpus/57a12a9a13dd/57a12a9a13dd.html (139)
[215798:215798:1026/152409.818635:INFO:CONSOLE:236] "Transaction completed successfully", source: file:///timer/index/result/corpus/57a12a9a13dd/57a12a9a13dd.html (236)
[215798:215798:1026/152409.823061:INFO:CONSOLE:808] "Transaction completed successfully", source: file:///timer/index/result/corpus/57a12a9a13dd/57a12a9a13dd.html (808)
[215798:215798:1026/152409.841913:INFO:CONSOLE:215] "Transaction completed successfully", source: file:///timer/index/result/corpus/57a12a9a13dd/57a12a9a13dd.html (215)
[215798:215798:1026/152409.853831:INFO:CONSOLE:395] "Transaction completed successfully", source: file:///timer/index/result/corpus/57a12a9a13dd/57a12a9a13dd.html (395)
[215798:215798:1026/152409.863540:INFO:CONSOLE:320] "Transaction completed successfully", source: file:///timer/index/result/corpus/57a12a9a13dd/57a12a9a13dd.html (320)
[215798:215798:1026/152409.876137:INFO:CONSOLE:278] "Transaction completed successfully", source: file:///timer/index/result/corpus/57a12a9a13dd/57a12a9a13dd.html (278)
[215798:215798:1026/152409.882989:INFO:CONSOLE:399] "db onupgraded trigered", source: file:///timer/index/result/corpus/57a12a9a13dd/57a12a9a13dd.html (399)
[215798:215798:1026/152409.924874:INFO:CONSOLE:424] "db onsuccess triggered", source: file:///timer/index/result/corpus/57a12a9a13dd/57a12a9a13dd.html (424)
[215798:215798:1026/152409.988967:INFO:CONSOLE:5] "FUZZ_JS_ERROR: Uncaught TransactionInactiveError: Failed to execute 'add' on 'IDBObjectStore': The transaction has finished. @ file:///timer/index/result/corpus/57a12a9a13dd/57a12a9a13dd.html:764:42
