[SanCov] ✔ [broswer_indexeddb] Initialized in pid 154086, 57785 edges
[154086:154086:1026/152128.612755:ERROR:components/leveldb_proto/public/proto_database_provider.h:101] In memory database cannot use the given database directory

DevTools listening on ws://127.0.0.1:45667/devtools/browser/d2d2890b-8dee-4362-bea8-324f52fa5a89
[154086:154086:1026/152128.664237:ERROR:ui/ozone/platform/headless/headless_window.cc:154] Not implemented reached in virtual bool ui::HeadlessWindow::ShouldUseNativeFrame() const
[SanCov] ✔ [broswer_indexeddb] Initialized in pid 154199, 57785 edges
[SanCov] ✔ [broswer_indexeddb] Initialized in pid 154217, 57785 edges
[154199:154199:1026/152129.607418:ERROR:media/gpu/vaapi/vaapi_wrapper.cc:1628] vaInitialize failed: unknown libva error
[SanCov] ✔ [broswer_indexeddb] Initialized in pid 154227, 57785 edges
[SanCov] ✔ [broswer_indexeddb] Initialized in pid 154304, 57785 edges
[154086:154086:1026/152130.458426:INFO:CONSOLE:15] "FUZZ_BEGIN", source: file:///timer/index/result/corpus/70bc6e2257ce/70bc6e2257ce.html (15)
[154086:154174:1026/152130.492168:WARNING:content/browser/indexed_db/file_path_util.cc:107] GetMaximumPathComponentLength returned -1 for /timer/index/result/corpus/70bc6e2257ce/chrome-tmp/IndexedDB/file__0.indexeddb.leveldb: No such file or directory (2)
[154086:154086:1026/152130.536233:INFO:CONSOLE:480] "db onupgraded trigered", source: file:///timer/index/result/corpus/70bc6e2257ce/70bc6e2257ce.html (480)
[154086:154086:1026/152130.574552:INFO:CONSOLE:22] "db onupgraded trigered", source: file:///timer/index/result/corpus/70bc6e2257ce/70bc6e2257ce.html (22)
[154086:154086:1026/152130.635928:INFO:CONSOLE:69] "db onsuccess triggered", source: file:///timer/index/result/corpus/70bc6e2257ce/70bc6e2257ce.html (69)
[154086:154086:1026/152130.786980:INFO:CONSOLE:140] "Transaction completed successfully", source: file:///timer/index/result/corpus/70bc6e2257ce/70bc6e2257ce.html (140)
[154086:154086:1026/152130.789435:INFO:CONSOLE:150] "Transaction completed successfully", source: file:///timer/index/result/corpus/70bc6e2257ce/70bc6e2257ce.html (150)
[154086:154086:1026/152130.793560:INFO:CONSOLE:198] "Transaction completed successfully", source: file:///timer/index/result/corpus/70bc6e2257ce/70bc6e2257ce.html (198)
[154086:154086:1026/152130.795650:INFO:CONSOLE:208] "Transaction completed successfully", source: file:///timer/index/result/corpus/70bc6e2257ce/70bc6e2257ce.html (208)
[154086:154086:1026/152130.823076:INFO:CONSOLE:255] "Transaction completed successfully", source: file:///timer/index/result/corpus/70bc6e2257ce/70bc6e2257ce.html (255)
[154086:154086:1026/152130.895643:INFO:CONSOLE:526] "db onsuccess triggered", source: file:///timer/index/result/corpus/70bc6e2257ce/70bc6e2257ce.html (526)
[154086:154086:1026/152130.939938:INFO:CONSOLE:5] "FUZZ_JS_ERROR: Uncaught TransactionInactiveError: Failed to execute 'count' on 'IDBObjectStore': The transaction has finished. @ file:///timer/index/result/corpus/70bc6e2257ce/70bc6e2257ce.html:734:36
