[SanCov] ✔ [broswer_indexeddb] Initialized in pid 158859, 57785 edges
[158859:158859:1026/152141.417461:ERROR:components/leveldb_proto/public/proto_database_provider.h:101] In memory database cannot use the given database directory

DevTools listening on ws://127.0.0.1:43537/devtools/browser/4732d4ae-37d8-4c30-a7d9-b9e163cc91ea
[158859:158997:1026/152141.437559:ERROR:net/disk_cache/simple/simple_file_enumerator.cc:21] opendir /timer/index/result/corpus/49ed1c0c9991/chrome-tmp/Code Cache/js: No such file or directory (2)
[158859:158997:1026/152141.438101:ERROR:net/disk_cache/simple/simple_index_file.cc:621] Could not reconstruct index from disk
[158859:158859:1026/152141.486806:ERROR:ui/ozone/platform/headless/headless_window.cc:154] Not implemented reached in virtual bool ui::HeadlessWindow::ShouldUseNativeFrame() const
[SanCov] ✔ [broswer_indexeddb] Initialized in pid 159003, 57785 edges
[159003:159003:1026/152142.433518:ERROR:media/gpu/vaapi/vaapi_wrapper.cc:1628] vaInitialize failed: unknown libva error
[SanCov] ✔ [broswer_indexeddb] Initialized in pid 159041, 57785 edges
[SanCov] ✔ [broswer_indexeddb] Initialized in pid 159045, 57785 edges
[SanCov] ✔ [broswer_indexeddb] Initialized in pid 159148, 57785 edges
[158859:158859:1026/152143.176156:INFO:CONSOLE:15] "FUZZ_BEGIN", source: file:///timer/index/result/corpus/49ed1c0c9991/49ed1c0c9991.html (15)
[158859:158975:1026/152143.239824:WARNING:content/browser/indexed_db/file_path_util.cc:107] GetMaximumPathComponentLength returned -1 for /timer/index/result/corpus/49ed1c0c9991/chrome-tmp/IndexedDB/file__0.indexeddb.leveldb: No such file or directory (2)
[158859:158859:1026/152143.355017:INFO:CONSOLE:20] "db onupgraded trigered", source: file:///timer/index/result/corpus/49ed1c0c9991/49ed1c0c9991.html (20)
[158859:158859:1026/152143.444350:INFO:CONSOLE:67] "db onsuccess triggered", source: file:///timer/index/result/corpus/49ed1c0c9991/49ed1c0c9991.html (67)
[158859:158859:1026/152143.481177:INFO:CONSOLE:100] "db onupgraded trigered", source: file:///timer/index/result/corpus/49ed1c0c9991/49ed1c0c9991.html (100)
[158859:158859:1026/152143.511017:INFO:CONSOLE:606] "Transaction completed successfully", source: file:///timer/index/result/corpus/49ed1c0c9991/49ed1c0c9991.html (606)
[158859:158859:1026/152143.512944:INFO:CONSOLE:616] "Transaction completed successfully", source: file:///timer/index/result/corpus/49ed1c0c9991/49ed1c0c9991.html (616)
[158859:158859:1026/152143.516133:INFO:CONSOLE:631] "db onupgraded trigered", source: file:///timer/index/result/corpus/49ed1c0c9991/49ed1c0c9991.html (631)
[158859:158859:1026/152143.526036:INFO:CONSOLE:626] "Transaction completed successfully", source: file:///timer/index/result/corpus/49ed1c0c9991/49ed1c0c9991.html (626)
[158859:158859:1026/152143.530028:INFO:CONSOLE:942] "Transaction completed successfully", source: file:///timer/index/result/corpus/49ed1c0c9991/49ed1c0c9991.html (942)
[158859:158859:1026/152143.531517:INFO:CONSOLE:953] "Transaction completed successfully", source: file:///timer/index/result/corpus/49ed1c0c9991/49ed1c0c9991.html (953)
[158859:158859:1026/152143.533120:INFO:CONSOLE:973] "Transaction completed successfully", source: file:///timer/index/result/corpus/49ed1c0c9991/49ed1c0c9991.html (973)
[158859:158859:1026/152143.533553:INFO:CONSOLE:559] "Transaction completed successfully", source: file:///timer/index/result/corpus/49ed1c0c9991/49ed1c0c9991.html (559)
[158859:158859:1026/152143.536173:INFO:CONSOLE:963] "Transaction completed successfully", source: file:///timer/index/result/corpus/49ed1c0c9991/49ed1c0c9991.html (963)
[158859:158859:1026/152143.538156:INFO:CONSOLE:596] "Transaction completed successfully", source: file:///timer/index/result/corpus/49ed1c0c9991/49ed1c0c9991.html (596)
[158859:158859:1026/152143.554755:INFO:CONSOLE:1027] "Transaction completed successfully", source: file:///timer/index/result/corpus/49ed1c0c9991/49ed1c0c9991.html (1027)
[158859:158859:1026/152143.595569:INFO:CONSOLE:136] "db onsuccess triggered", source: file:///timer/index/result/corpus/49ed1c0c9991/49ed1c0c9991.html (136)
[158859:158859:1026/152143.615801:INFO:CONSOLE:5] "FUZZ_JS_ERROR: Uncaught TransactionInactiveError: Failed to execute 'count' on 'IDBObjectStore': The transaction has finished. @ file:///timer/index/result/corpus/49ed1c0c9991/49ed1c0c9991.html:317:40
