[SanCov] ✔ [broswer_indexeddb] Initialized in pid 169062, 57785 edges
[169062:169062:1026/152207.571760:ERROR:components/leveldb_proto/public/proto_database_provider.h:101] In memory database cannot use the given database directory
[169062:169258:1026/152207.588184:ERROR:net/disk_cache/simple/simple_file_enumerator.cc:21] opendir /timer/index/result/corpus/f4fb53d10b05/chrome-tmp/Code Cache/js: No such file or directory (2)
[169062:169258:1026/152207.608246:ERROR:net/disk_cache/simple/simple_index_file.cc:621] Could not reconstruct index from disk

DevTools listening on ws://127.0.0.1:40245/devtools/browser/3ba053fb-f7b0-42ee-a6a8-3901b865b1bd
[169062:169062:1026/152207.674727:ERROR:ui/ozone/platform/headless/headless_window.cc:154] Not implemented reached in virtual bool ui::HeadlessWindow::ShouldUseNativeFrame() const
[SanCov] ✔ [broswer_indexeddb] Initialized in pid 169297, 57785 edges
[SanCov] ✔ [broswer_indexeddb] Initialized in pid 169341, 57785 edges
[169297:169297:1026/152208.660020:ERROR:media/gpu/vaapi/vaapi_wrapper.cc:1628] vaInitialize failed: unknown libva error
[SanCov] ✔ [broswer_indexeddb] Initialized in pid 169345, 57785 edges
[SanCov] ✔ [broswer_indexeddb] Initialized in pid 169422, 57785 edges
[169062:169062:1026/152209.447620:INFO:CONSOLE:15] "FUZZ_BEGIN", source: file:///timer/index/result/corpus/f4fb53d10b05/f4fb53d10b05.html (15)
[169062:169255:1026/152209.519592:WARNING:content/browser/indexed_db/file_path_util.cc:107] GetMaximumPathComponentLength returned -1 for /timer/index/result/corpus/f4fb53d10b05/chrome-tmp/IndexedDB/file__0.indexeddb.leveldb: No such file or directory (2)
[169062:169062:1026/152209.544922:INFO:CONSOLE:20] "db onupgraded trigered", source: file:///timer/index/result/corpus/f4fb53d10b05/f4fb53d10b05.html (20)
[169062:169062:1026/152209.662398:INFO:CONSOLE:75] "db onsuccess triggered", source: file:///timer/index/result/corpus/f4fb53d10b05/f4fb53d10b05.html (75)
[169062:169062:1026/152209.702284:INFO:CONSOLE:129] "db onupgraded trigered", source: file:///timer/index/result/corpus/f4fb53d10b05/f4fb53d10b05.html (129)
[169062:169062:1026/152209.717995:INFO:CONSOLE:117] "Transaction completed successfully", source: file:///timer/index/result/corpus/f4fb53d10b05/f4fb53d10b05.html (117)
[169062:169062:1026/152209.722585:INFO:CONSOLE:177] "Transaction completed successfully", source: file:///timer/index/result/corpus/f4fb53d10b05/f4fb53d10b05.html (177)
[169062:169062:1026/152209.731391:INFO:CONSOLE:106] "Transaction completed successfully", source: file:///timer/index/result/corpus/f4fb53d10b05/f4fb53d10b05.html (106)
[169062:169062:1026/152209.736754:INFO:CONSOLE:167] "Transaction completed successfully", source: file:///timer/index/result/corpus/f4fb53d10b05/f4fb53d10b05.html (167)
[169062:169062:1026/152209.741261:INFO:CONSOLE:187] "Transaction completed successfully", source: file:///timer/index/result/corpus/f4fb53d10b05/f4fb53d10b05.html (187)
[169062:169062:1026/152209.748966:INFO:CONSOLE:197] "Transaction completed successfully", source: file:///timer/index/result/corpus/f4fb53d10b05/f4fb53d10b05.html (197)
[169062:169062:1026/152209.757020:INFO:CONSOLE:145] "db onsuccess triggered", source: file:///timer/index/result/corpus/f4fb53d10b05/f4fb53d10b05.html (145)
[169062:169062:1026/152209.757332:INFO:CONSOLE:539] "Transaction completed successfully", source: file:///timer/index/result/corpus/f4fb53d10b05/f4fb53d10b05.html (539)
[169062:169062:1026/152209.771146:INFO:CONSOLE:550] "Transaction completed successfully", source: file:///timer/index/result/corpus/f4fb53d10b05/f4fb53d10b05.html (550)
[169062:169062:1026/152209.775599:INFO:CONSOLE:897] "Transaction completed successfully", source: file:///timer/index/result/corpus/f4fb53d10b05/f4fb53d10b05.html (897)
[169062:169062:1026/152209.779496:INFO:CONSOLE:907] "Transaction completed successfully", source: file:///timer/index/result/corpus/f4fb53d10b05/f4fb53d10b05.html (907)
[169062:169062:1026/152209.791838:INFO:CONSOLE:554] "db onupgraded trigered", source: file:///timer/index/result/corpus/f4fb53d10b05/f4fb53d10b05.html (554)
[169062:169062:1026/152209.793441:INFO:CONSOLE:5] "FUZZ_JS_ERROR: Uncaught TypeError: Cannot read properties of undefined (reading 'createObjectStore') @ file:///timer/index/result/corpus/f4fb53d10b05/f4fb53d10b05.html:556:40
