[SanCov] ✔ [broswer_indexeddb] Initialized in pid 146079, 57785 edges
[146079:146079:1026/152108.589540:ERROR:components/leveldb_proto/public/proto_database_provider.h:101] In memory database cannot use the given database directory

DevTools listening on ws://127.0.0.1:41501/devtools/browser/545ab163-407f-4949-9fbb-34bb9bd0993a
[146079:146271:1026/152108.597163:ERROR:net/disk_cache/simple/simple_file_enumerator.cc:21] opendir /timer/index/result/corpus/ae09a9261927/chrome-tmp/Code Cache/js: No such file or directory (2)
[146079:146271:1026/152108.597398:ERROR:net/disk_cache/simple/simple_index_file.cc:621] Could not reconstruct index from disk
[146079:146079:1026/152108.648850:ERROR:ui/ozone/platform/headless/headless_window.cc:154] Not implemented reached in virtual bool ui::HeadlessWindow::ShouldUseNativeFrame() const
[SanCov] ✔ [broswer_indexeddb] Initialized in pid 146294, 57785 edges
[SanCov] ✔ [broswer_indexeddb] Initialized in pid 146317, 57785 edges
[146294:146294:1026/152109.565790:ERROR:media/gpu/vaapi/vaapi_wrapper.cc:1628] vaInitialize failed: unknown libva error
[SanCov] ✔ [broswer_indexeddb] Initialized in pid 146331, 57785 edges
[SanCov] ✔ [broswer_indexeddb] Initialized in pid 146447, 57785 edges
[146079:146079:1026/152110.253795:INFO:CONSOLE:15] "FUZZ_BEGIN", source: file:///timer/index/result/corpus/ae09a9261927/ae09a9261927.html (15)
[146079:146265:1026/152110.422870:WARNING:content/browser/indexed_db/file_path_util.cc:107] GetMaximumPathComponentLength returned -1 for /timer/index/result/corpus/ae09a9261927/chrome-tmp/IndexedDB/file__0.indexeddb.leveldb: No such file or directory (2)
[146079:146079:1026/152110.484101:INFO:CONSOLE:20] "db onupgraded trigered", source: file:///timer/index/result/corpus/ae09a9261927/ae09a9261927.html (20)
[146079:146079:1026/152110.552925:INFO:CONSOLE:67] "db onsuccess triggered", source: file:///timer/index/result/corpus/ae09a9261927/ae09a9261927.html (67)
[146079:146079:1026/152110.615697:INFO:CONSOLE:165] "db onupgraded trigered", source: file:///timer/index/result/corpus/ae09a9261927/ae09a9261927.html (165)
[146079:146079:1026/152110.624235:INFO:CONSOLE:115] "Transaction completed successfully", source: file:///timer/index/result/corpus/ae09a9261927/ae09a9261927.html (115)
[146079:146079:1026/152110.631847:INFO:CONSOLE:471] "Transaction completed successfully", source: file:///timer/index/result/corpus/ae09a9261927/ae09a9261927.html (471)
[146079:146079:1026/152110.637773:INFO:CONSOLE:157] "Transaction completed successfully", source: file:///timer/index/result/corpus/ae09a9261927/ae09a9261927.html (157)
[146079:146079:1026/152110.673648:INFO:CONSOLE:526] "Transaction completed successfully", source: file:///timer/index/result/corpus/ae09a9261927/ae09a9261927.html (526)
[146079:146079:1026/152110.674155:INFO:CONSOLE:537] "Transaction completed successfully", source: file:///timer/index/result/corpus/ae09a9261927/ae09a9261927.html (537)
[146079:146079:1026/152110.688819:INFO:CONSOLE:597] "Transaction completed successfully", source: file:///timer/index/result/corpus/ae09a9261927/ae09a9261927.html (597)
[146079:146079:1026/152110.689199:INFO:CONSOLE:607] "Transaction completed successfully", source: file:///timer/index/result/corpus/ae09a9261927/ae09a9261927.html (607)
[146079:146079:1026/152110.700667:INFO:CONSOLE:666] "Transaction completed successfully", source: file:///timer/index/result/corpus/ae09a9261927/ae09a9261927.html (666)
[146079:146079:1026/152110.705617:INFO:CONSOLE:676] "Transaction completed successfully", source: file:///timer/index/result/corpus/ae09a9261927/ae09a9261927.html (676)
[146079:146079:1026/152110.717884:INFO:CONSOLE:201] "db onsuccess triggered", source: file:///timer/index/result/corpus/ae09a9261927/ae09a9261927.html (201)
[146079:146079:1026/152110.724771:INFO:CONSOLE:5] "FUZZ_JS_ERROR: Uncaught TransactionInactiveError: Failed to execute 'count' on 'IDBObjectStore': The transaction has finished. @ file:///timer/index/result/corpus/ae09a9261927/ae09a9261927.html:268:38
