[SanCov] ✔ [broswer_indexeddb] Initialized in pid 211236, 57785 edges
[211236:211236:1026/152356.221481:ERROR:components/leveldb_proto/public/proto_database_provider.h:101] In memory database cannot use the given database directory

DevTools listening on ws://127.0.0.1:45987/devtools/browser/b51bd849-7cbf-442a-bc66-32b5256bf144
[211236:211483:1026/152356.233235:ERROR:net/disk_cache/simple/simple_version_upgrade.cc:104] Failed to write a new fake index.
[211236:211236:1026/152356.273109:ERROR:ui/ozone/platform/headless/headless_window.cc:154] Not implemented reached in virtual bool ui::HeadlessWindow::ShouldUseNativeFrame() const
[SanCov] ✔ [broswer_indexeddb] Initialized in pid 211506, 57785 edges
[SanCov] ✔ [broswer_indexeddb] Initialized in pid 211521, 57785 edges
[211506:211506:1026/152357.165163:ERROR:media/gpu/vaapi/vaapi_wrapper.cc:1628] vaInitialize failed: unknown libva error
[SanCov] ✔ [broswer_indexeddb] Initialized in pid 211526, 57785 edges
[SanCov] ✔ [broswer_indexeddb] Initialized in pid 211592, 57785 edges
[211236:211236:1026/152357.965842:INFO:CONSOLE:15] "FUZZ_BEGIN", source: file:///timer/index/result/corpus/9acba6a1cbbd/9acba6a1cbbd.html (15)
[211236:211475:1026/152358.044757:WARNING:content/browser/indexed_db/file_path_util.cc:107] GetMaximumPathComponentLength returned -1 for /timer/index/result/corpus/9acba6a1cbbd/chrome-tmp/IndexedDB/file__0.indexeddb.leveldb: No such file or directory (2)
[211236:211236:1026/152358.088939:INFO:CONSOLE:20] "db onupgraded trigered", source: file:///timer/index/result/corpus/9acba6a1cbbd/9acba6a1cbbd.html (20)
[211236:211236:1026/152358.156162:INFO:CONSOLE:65] "db onsuccess triggered", source: file:///timer/index/result/corpus/9acba6a1cbbd/9acba6a1cbbd.html (65)
[211236:211236:1026/152358.244889:INFO:CONSOLE:167] "db onupgraded trigered", source: file:///timer/index/result/corpus/9acba6a1cbbd/9acba6a1cbbd.html (167)
[211236:211236:1026/152358.255025:INFO:CONSOLE:98] "Transaction completed successfully", source: file:///timer/index/result/corpus/9acba6a1cbbd/9acba6a1cbbd.html (98)
[211236:211236:1026/152358.258137:INFO:CONSOLE:109] "Transaction completed successfully", source: file:///timer/index/result/corpus/9acba6a1cbbd/9acba6a1cbbd.html (109)
[211236:211236:1026/152358.267575:INFO:CONSOLE:596] "Transaction completed successfully", source: file:///timer/index/result/corpus/9acba6a1cbbd/9acba6a1cbbd.html (596)
[211236:211236:1026/152358.267941:INFO:CONSOLE:616] "Transaction completed successfully", source: file:///timer/index/result/corpus/9acba6a1cbbd/9acba6a1cbbd.html (616)
[211236:211236:1026/152358.268309:INFO:CONSOLE:88] "Transaction completed successfully", source: file:///timer/index/result/corpus/9acba6a1cbbd/9acba6a1cbbd.html (88)
[211236:211236:1026/152358.268505:INFO:CONSOLE:606] "Transaction completed successfully", source: file:///timer/index/result/corpus/9acba6a1cbbd/9acba6a1cbbd.html (606)
[211236:211236:1026/152358.272842:INFO:CONSOLE:575] "Transaction completed successfully", source: file:///timer/index/result/corpus/9acba6a1cbbd/9acba6a1cbbd.html (575)
[211236:211236:1026/152358.281208:INFO:CONSOLE:585] "Transaction completed successfully", source: file:///timer/index/result/corpus/9acba6a1cbbd/9acba6a1cbbd.html (585)
[211236:211236:1026/152358.309684:INFO:CONSOLE:657] "Transaction completed successfully", source: file:///timer/index/result/corpus/9acba6a1cbbd/9acba6a1cbbd.html (657)
[211236:211236:1026/152358.310574:INFO:CONSOLE:667] "Transaction completed successfully", source: file:///timer/index/result/corpus/9acba6a1cbbd/9acba6a1cbbd.html (667)
[211236:211236:1026/152358.323934:INFO:CONSOLE:209] "db onsuccess triggered", source: file:///timer/index/result/corpus/9acba6a1cbbd/9acba6a1cbbd.html (209)
[211236:211236:1026/152358.365973:INFO:CONSOLE:5] "FUZZ_JS_ERROR: Uncaught TransactionInactiveError: Failed to execute 'getAll' on 'IDBObjectStore': The transaction has finished. @ file:///timer/index/result/corpus/9acba6a1cbbd/9acba6a1cbbd.html:378:36
