[SanCov] ✔ [broswer_indexeddb] Initialized in pid 208810, 57785 edges
[208810:208810:1026/152349.415444:ERROR:components/leveldb_proto/public/proto_database_provider.h:101] In memory database cannot use the given database directory

DevTools listening on ws://127.0.0.1:45623/devtools/browser/0564667a-12cc-4b23-a19f-0c9355f4bb09
[208810:208940:1026/152349.423959:ERROR:net/disk_cache/simple/simple_file_enumerator.cc:21] opendir /timer/index/result/corpus/5ebf8d8bab0d/chrome-tmp/Code Cache/js: No such file or directory (2)
[208810:208940:1026/152349.436628:ERROR:net/disk_cache/simple/simple_index_file.cc:621] Could not reconstruct index from disk
[208810:208810:1026/152349.478742:ERROR:ui/ozone/platform/headless/headless_window.cc:154] Not implemented reached in virtual bool ui::HeadlessWindow::ShouldUseNativeFrame() const
[SanCov] ✔ [broswer_indexeddb] Initialized in pid 208954, 57785 edges
[SanCov] ✔ [broswer_indexeddb] Initialized in pid 208967, 57785 edges
[208954:208954:1026/152350.403850:ERROR:media/gpu/vaapi/vaapi_wrapper.cc:1628] vaInitialize failed: unknown libva error
[SanCov] ✔ [broswer_indexeddb] Initialized in pid 208977, 57785 edges
[SanCov] ✔ [broswer_indexeddb] Initialized in pid 209026, 57785 edges
[208810:208810:1026/152351.222376:INFO:CONSOLE:15] "FUZZ_BEGIN", source: file:///timer/index/result/corpus/5ebf8d8bab0d/5ebf8d8bab0d.html (15)
[208810:208935:1026/152351.299583:WARNING:content/browser/indexed_db/file_path_util.cc:107] GetMaximumPathComponentLength returned -1 for /timer/index/result/corpus/5ebf8d8bab0d/chrome-tmp/IndexedDB/file__0.indexeddb.leveldb: No such file or directory (2)
[208810:208810:1026/152351.349793:INFO:CONSOLE:20] "db onupgraded trigered", source: file:///timer/index/result/corpus/5ebf8d8bab0d/5ebf8d8bab0d.html (20)
[208810:208810:1026/152351.405778:INFO:CONSOLE:42] "db onupgraded trigered", source: file:///timer/index/result/corpus/5ebf8d8bab0d/5ebf8d8bab0d.html (42)
[208810:208810:1026/152351.470211:INFO:CONSOLE:359] "db onsuccess triggered", source: file:///timer/index/result/corpus/5ebf8d8bab0d/5ebf8d8bab0d.html (359)
[208810:208810:1026/152351.546840:INFO:CONSOLE:363] "Transaction completed successfully", source: file:///timer/index/result/corpus/5ebf8d8bab0d/5ebf8d8bab0d.html (363)
[208810:208810:1026/152351.569217:INFO:CONSOLE:431] "Transaction completed successfully", source: file:///timer/index/result/corpus/5ebf8d8bab0d/5ebf8d8bab0d.html (431)
[208810:208810:1026/152351.587221:INFO:CONSOLE:87] "db onsuccess triggered", source: file:///timer/index/result/corpus/5ebf8d8bab0d/5ebf8d8bab0d.html (87)
[208810:208810:1026/152351.608115:INFO:CONSOLE:5] "FUZZ_JS_ERROR: Uncaught TransactionInactiveError: Failed to execute 'add' on 'IDBObjectStore': The transaction has finished. @ file:///timer/index/result/corpus/5ebf8d8bab0d/5ebf8d8bab0d.html:167:37
